<?xml version="1.0" encoding="UTF-8"?>
<testsuite name="spring.batch.demo.DemoApplicationTests" time="0.012" tests="1" errors="1" skipped="0" failures="0">
  <properties>
[...]
</properties>
  <testcase name="contextLoads" classname="spring.batch.demo.DemoApplicationTests" time="0.012">
    <error message="Failed to load ApplicationContext" type="java.lang.IllegalStateException">java.lang.IllegalStateException: Failed to load ApplicationContext
	at org.springframework.test.context.cache.DefaultCacheAwareContextLoaderDelegate.loadContext(DefaultCacheAwareContextLoaderDelegate.java:124)
	at org.springframework.test.context.support.DefaultTestContext.getApplicationContext(DefaultTestContext.java:83)
	at org.springframework.test.context.support.DependencyInjectionTestExecutionListener.injectDependencies(DependencyInjectionTestExecutionListener.java:117)
	at org.springframework.test.context.support.DependencyInjectionTestExecutionListener.prepareTestInstance(DependencyInjectionTestExecutionListener.java:83)
	at org.springframework.boot.test.autoconfigure.SpringBootDependencyInjectionTestExecutionListener.prepareTestInstance(SpringBootDependencyInjectionTestExecutionListener.java:44)
	at org.springframework.test.context.TestContextManager.prepareTestInstance(TestContextManager.java:230)
	at org.springframework.test.context.junit4.SpringJUnit4ClassRunner.createTest(SpringJUnit4ClassRunner.java:228)
	at org.springframework.test.context.junit4.SpringJUnit4ClassRunner$1.runReflectiveCall(SpringJUnit4ClassRunner.java:287)
	at org.junit.internal.runners.model.ReflectiveCallable.run(ReflectiveCallable.java:12)
	at org.springframework.test.context.junit4.SpringJUnit4ClassRunner.methodBlock(SpringJUnit4ClassRunner.java:289)
	at org.springframework.test.context.junit4.SpringJUnit4ClassRunner.runChild(SpringJUnit4ClassRunner.java:247)
	at org.springframework.test.context.junit4.SpringJUnit4ClassRunner.runChild(SpringJUnit4ClassRunner.java:94)
	at org.junit.runners.ParentRunner$3.run(ParentRunner.java:290)
	at org.junit.runners.ParentRunner$1.schedule(ParentRunner.java:71)
	at org.junit.runners.ParentRunner.runChildren(ParentRunner.java:288)
	at org.junit.runners.ParentRunner.access$000(ParentRunner.java:58)
	at org.junit.runners.ParentRunner$2.evaluate(ParentRunner.java:268)
	at org.springframework.test.context.junit4.statements.RunBeforeTestClassCallbacks.evaluate(RunBeforeTestClassCallbacks.java:61)
	at org.springframework.test.context.junit4.statements.RunAfterTestClassCallbacks.evaluate(RunAfterTestClassCallbacks.java:70)
	at org.junit.runners.ParentRunner.run(ParentRunner.java:363)
	at org.springframework.test.context.junit4.SpringJUnit4ClassRunner.run(SpringJUnit4ClassRunner.java:191)
	at org.apache.maven.surefire.junit4.JUnit4Provider.execute(JUnit4Provider.java:283)
	at org.apache.maven.surefire.junit4.JUnit4Provider.executeWithRerun(JUnit4Provider.java:173)
	at org.apache.maven.surefire.junit4.JUnit4Provider.executeTestSet(JUnit4Provider.java:153)
	at org.apache.maven.surefire.junit4.JUnit4Provider.invoke(JUnit4Provider.java:128)
	at org.apache.maven.surefire.booter.ForkedBooter.invokeProviderInSameClassLoader(ForkedBooter.java:203)
	at org.apache.maven.surefire.booter.ForkedBooter.runSuitesInProcess(ForkedBooter.java:155)
	at org.apache.maven.surefire.booter.ForkedBooter.main(ForkedBooter.java:103)
Caused by: java.lang.IllegalStateException: Failed to execute CommandLineRunner
	at org.springframework.boot.SpringApplication.callRunner(SpringApplication.java:735)
	at org.springframework.boot.SpringApplication.callRunners(SpringApplication.java:716)
	at org.springframework.boot.SpringApplication.afterRefresh(SpringApplication.java:703)
	at org.springframework.boot.SpringApplication.run(SpringApplication.java:304)
	at org.springframework.boot.test.context.SpringBootContextLoader.loadContext(SpringBootContextLoader.java:120)
	at org.springframework.test.context.cache.DefaultCacheAwareContextLoaderDelegate.loadContextInternal(DefaultCacheAwareContextLoaderDelegate.java:98)
	at org.springframework.test.context.cache.DefaultCacheAwareContextLoaderDelegate.loadContext(DefaultCacheAwareContextLoaderDelegate.java:116)
	at org.springframework.test.context.support.DefaultTestContext.getApplicationContext(DefaultTestContext.java:83)
	at org.springframework.test.context.support.DependencyInjectionTestExecutionListener.injectDependencies(DependencyInjectionTestExecutionListener.java:117)
	at org.springframework.test.context.support.DependencyInjectionTestExecutionListener.prepareTestInstance(DependencyInjectionTestExecutionListener.java:83)
	at org.springframework.boot.test.autoconfigure.SpringBootDependencyInjectionTestExecutionListener.prepareTestInstance(SpringBootDependencyInjectionTestExecutionListener.java:44)
	at org.springframework.test.context.TestContextManager.prepareTestInstance(TestContextManager.java:230)
	at org.springframework.test.context.junit4.SpringJUnit4ClassRunner.createTest(SpringJUnit4ClassRunner.java:228)
	at org.springframework.test.context.junit4.SpringJUnit4ClassRunner$1.runReflectiveCall(SpringJUnit4ClassRunner.java:287)
	at org.junit.internal.runners.model.ReflectiveCallable.run(ReflectiveCallable.java:12)
	at org.springframework.test.context.junit4.SpringJUnit4ClassRunner.methodBlock(SpringJUnit4ClassRunner.java:289)
	at org.springframework.test.context.junit4.SpringJUnit4ClassRunner.runChild(SpringJUnit4ClassRunner.java:247)
	at org.springframework.test.context.junit4.SpringJUnit4ClassRunner.runChild(SpringJUnit4ClassRunner.java:94)
	at org.junit.runners.ParentRunner$3.run(ParentRunner.java:290)
	at org.junit.runners.ParentRunner$1.schedule(ParentRunner.java:71)
	at org.junit.runners.ParentRunner.runChildren(ParentRunner.java:288)
	at org.junit.runners.ParentRunner.access$000(ParentRunner.java:58)
	at org.junit.runners.ParentRunner$2.evaluate(ParentRunner.java:268)
	at org.springframework.test.context.junit4.statements.RunBeforeTestClassCallbacks.evaluate(RunBeforeTestClassCallbacks.java:61)
	at org.springframework.test.context.junit4.statements.RunAfterTestClassCallbacks.evaluate(RunAfterTestClassCallbacks.java:70)
	at org.junit.runners.ParentRunner.run(ParentRunner.java:363)
	at org.springframework.test.context.junit4.SpringJUnit4ClassRunner.run(SpringJUnit4ClassRunner.java:191)
	at org.apache.maven.surefire.junit4.JUnit4Provider.execute(JUnit4Provider.java:283)
	at org.apache.maven.surefire.junit4.JUnit4Provider.executeWithRerun(JUnit4Provider.java:173)
	at org.apache.maven.surefire.junit4.JUnit4Provider.executeTestSet(JUnit4Provider.java:153)
	at org.apache.maven.surefire.junit4.JUnit4Provider.invoke(JUnit4Provider.java:128)
	at org.apache.maven.surefire.booter.ForkedBooter.invokeProviderInSameClassLoader(ForkedBooter.java:203)
	at org.apache.maven.surefire.booter.ForkedBooter.runSuitesInProcess(ForkedBooter.java:155)
	at org.apache.maven.surefire.booter.ForkedBooter.main(ForkedBooter.java:103)
Caused by: org.springframework.transaction.CannotCreateTransactionException: Could not open JDBC Connection for transaction; nested exception is java.sql.SQLException: ORA-08178: illegal SERIALIZABLE clause specified for user INTERNAL

	at org.springframework.jdbc.datasource.DataSourceTransactionManager.doBegin(DataSourceTransactionManager.java:289)
	at org.springframework.transaction.support.AbstractPlatformTransactionManager.getTransaction(AbstractPlatformTransactionManager.java:373)
	at org.springframework.transaction.interceptor.TransactionAspectSupport.createTransactionIfNecessary(TransactionAspectSupport.java:461)
	at org.springframework.transaction.interceptor.TransactionAspectSupport.invokeWithinTransaction(TransactionAspectSupport.java:277)
	at org.springframework.transaction.interceptor.TransactionInterceptor.invoke(TransactionInterceptor.java:96)
	at org.springframework.aop.framework.ReflectiveMethodInvocation.proceed(ReflectiveMethodInvocation.java:179)
	at org.springframework.aop.framework.JdkDynamicAopProxy.invoke(JdkDynamicAopProxy.java:213)
	at com.sun.proxy.$Proxy51.getLastJobExecution(Unknown Source)
	at org.springframework.batch.core.launch.support.SimpleJobLauncher.run(SimpleJobLauncher.java:98)
	at sun.reflect.NativeMethodAccessorImpl.invoke0(Native Method)
	at sun.reflect.NativeMethodAccessorImpl.invoke(NativeMethodAccessorImpl.java:62)
	at sun.reflect.DelegatingMethodAccessorImpl.invoke(DelegatingMethodAccessorImpl.java:43)
	at java.lang.reflect.Method.invoke(Method.java:498)
	at org.springframework.aop.support.AopUtils.invokeJoinpointUsingReflection(AopUtils.java:333)
	at org.springframework.aop.framework.ReflectiveMethodInvocation.invokeJoinpoint(ReflectiveMethodInvocation.java:190)
	at org.springframework.aop.framework.ReflectiveMethodInvocation.proceed(ReflectiveMethodInvocation.java:157)
	at org.springframework.batch.core.configuration.annotation.SimpleBatchConfiguration$PassthruAdvice.invoke(SimpleBatchConfiguration.java:127)
	at org.springframework.aop.framework.ReflectiveMethodInvocation.proceed(ReflectiveMethodInvocation.java:179)
	at org.springframework.aop.framework.JdkDynamicAopProxy.invoke(JdkDynamicAopProxy.java:213)
	at com.sun.proxy.$Proxy54.run(Unknown Source)
	at org.springframework.boot.autoconfigure.batch.JobLauncherCommandLineRunner.execute(JobLauncherCommandLineRunner.java:211)
	at org.springframework.boot.autoconfigure.batch.JobLauncherCommandLineRunner.executeLocalJobs(JobLauncherCommandLineRunner.java:227)
	at org.springframework.boot.autoconfigure.batch.JobLauncherCommandLineRunner.launchJobFromProperties(JobLauncherCommandLineRunner.java:123)
	at org.springframework.boot.autoconfigure.batch.JobLauncherCommandLineRunner.run(JobLauncherCommandLineRunner.java:117)
	at org.springframework.boot.SpringApplication.callRunner(SpringApplication.java:732)
	at org.springframework.boot.SpringApplication.callRunners(SpringApplication.java:716)
	at org.springframework.boot.SpringApplication.afterRefresh(SpringApplication.java:703)
	at org.springframework.boot.SpringApplication.run(SpringApplication.java:304)
	at org.springframework.boot.test.context.SpringBootContextLoader.loadContext(SpringBootContextLoader.java:120)
	at org.springframework.test.context.cache.DefaultCacheAwareContextLoaderDelegate.loadContextInternal(DefaultCacheAwareContextLoaderDelegate.java:98)
	at org.springframework.test.context.cache.DefaultCacheAwareContextLoaderDelegate.loadContext(DefaultCacheAwareContextLoaderDelegate.java:116)
	at org.springframework.test.context.support.DefaultTestContext.getApplicationContext(DefaultTestContext.java:83)
	at org.springframework.test.context.support.DependencyInjectionTestExecutionListener.injectDependencies(DependencyInjectionTestExecutionListener.java:117)
	at org.springframework.test.context.support.DependencyInjectionTestExecutionListener.prepareTestInstance(DependencyInjectionTestExecutionListener.java:83)
	at org.springframework.boot.test.autoconfigure.SpringBootDependencyInjectionTestExecutionListener.prepareTestInstance(SpringBootDependencyInjectionTestExecutionListener.java:44)
	at org.springframework.test.context.TestContextManager.prepareTestInstance(TestContextManager.java:230)
	at org.springframework.test.context.junit4.SpringJUnit4ClassRunner.createTest(SpringJUnit4ClassRunner.java:228)
	at org.springframework.test.context.junit4.SpringJUnit4ClassRunner$1.runReflectiveCall(SpringJUnit4ClassRunner.java:287)
	at org.junit.internal.runners.model.ReflectiveCallable.run(ReflectiveCallable.java:12)
	at org.springframework.test.context.junit4.SpringJUnit4ClassRunner.methodBlock(SpringJUnit4ClassRunner.java:289)
	at org.springframework.test.context.junit4.SpringJUnit4ClassRunner.runChild(SpringJUnit4ClassRunner.java:247)
	at org.springframework.test.context.junit4.SpringJUnit4ClassRunner.runChild(SpringJUnit4ClassRunner.java:94)
	at org.junit.runners.ParentRunner$3.run(ParentRunner.java:290)
	at org.junit.runners.ParentRunner$1.schedule(ParentRunner.java:71)
	at org.junit.runners.ParentRunner.runChildren(ParentRunner.java:288)
	at org.junit.runners.ParentRunner.access$000(ParentRunner.java:58)
	at org.junit.runners.ParentRunner$2.evaluate(ParentRunner.java:268)
	at org.springframework.test.context.junit4.statements.RunBeforeTestClassCallbacks.evaluate(RunBeforeTestClassCallbacks.java:61)
	at org.springframework.test.context.junit4.statements.RunAfterTestClassCallbacks.evaluate(RunAfterTestClassCallbacks.java:70)
	at org.junit.runners.ParentRunner.run(ParentRunner.java:363)
	at org.springframework.test.context.junit4.SpringJUnit4ClassRunner.run(SpringJUnit4ClassRunner.java:191)
	at org.apache.maven.surefire.junit4.JUnit4Provider.execute(JUnit4Provider.java:283)
	at org.apache.maven.surefire.junit4.JUnit4Provider.executeWithRerun(JUnit4Provider.java:173)
	at org.apache.maven.surefire.junit4.JUnit4Provider.executeTestSet(JUnit4Provider.java:153)
	at org.apache.maven.surefire.junit4.JUnit4Provider.invoke(JUnit4Provider.java:128)
	at org.apache.maven.surefire.booter.ForkedBooter.invokeProviderInSameClassLoader(ForkedBooter.java:203)
	at org.apache.maven.surefire.booter.ForkedBooter.runSuitesInProcess(ForkedBooter.java:155)
	at org.apache.maven.surefire.booter.ForkedBooter.main(ForkedBooter.java:103)
Caused by: java.sql.SQLException: ORA-08178: illegal SERIALIZABLE clause specified for user INTERNAL

	at oracle.jdbc.driver.SQLStateMapping.newSQLException(SQLStateMapping.java:70)
	at oracle.jdbc.driver.DatabaseError.newSQLException(DatabaseError.java:133)
	at oracle.jdbc.driver.DatabaseError.throwSqlException(DatabaseError.java:206)
	at oracle.jdbc.driver.T4CTTIoer.processError(T4CTTIoer.java:455)
	at oracle.jdbc.driver.T4CTTIoer.processError(T4CTTIoer.java:413)
	at oracle.jdbc.driver.T4C8Oall.receive(T4C8Oall.java:1034)
	at oracle.jdbc.driver.T4CStatement.doOall8(T4CStatement.java:183)
	at oracle.jdbc.driver.T4CStatement.executeForRows(T4CStatement.java:942)
	at oracle.jdbc.driver.OracleStatement.doExecuteWithTimeout(OracleStatement.java:1222)
	at oracle.jdbc.driver.OracleStatement.executeInternal(OracleStatement.java:1770)
	at oracle.jdbc.driver.OracleStatement.execute(OracleStatement.java:1739)
	at oracle.jdbc.driver.OracleStatementWrapper.execute(OracleStatementWrapper.java:299)
	at oracle.jdbc.driver.PhysicalConnection.setTransactionIsolation(PhysicalConnection.java:4062)
	at sun.reflect.NativeMethodAccessorImpl.invoke0(Native Method)
	at sun.reflect.NativeMethodAccessorImpl.invoke(NativeMethodAccessorImpl.java:62)
	at sun.reflect.DelegatingMethodAccessorImpl.invoke(DelegatingMethodAccessorImpl.java:43)
	at java.lang.reflect.Method.invoke(Method.java:498)
	at org.apache.tomcat.jdbc.pool.ProxyConnection.invoke(ProxyConnection.java:126)
	at org.apache.tomcat.jdbc.pool.JdbcInterceptor.invoke(JdbcInterceptor.java:108)
	at org.apache.tomcat.jdbc.pool.interceptor.AbstractCreateStatementInterceptor.invoke(AbstractCreateStatementInterceptor.java:79)
	at org.apache.tomcat.jdbc.pool.JdbcInterceptor.invoke(JdbcInterceptor.java:108)
	at org.apache.tomcat.jdbc.pool.DisposableConnectionFacade.invoke(DisposableConnectionFacade.java:81)
	at com.sun.proxy.$Proxy58.setTransactionIsolation(Unknown Source)
	at org.springframework.jdbc.datasource.DataSourceUtils.prepareConnectionForTransaction(DataSourceUtils.java:193)
	at org.springframework.jdbc.datasource.DataSourceTransactionManager.doBegin(DataSourceTransactionManager.java:256)
	at org.springframework.transaction.support.AbstractPlatformTransactionManager.getTransaction(AbstractPlatformTransactionManager.java:373)
	at org.springframework.transaction.interceptor.TransactionAspectSupport.createTransactionIfNecessary(TransactionAspectSupport.java:461)
	at org.springframework.transaction.interceptor.TransactionAspectSupport.invokeWithinTransaction(TransactionAspectSupport.java:277)
	at org.springframework.transaction.interceptor.TransactionInterceptor.invoke(TransactionInterceptor.java:96)
	at org.springframework.aop.framework.ReflectiveMethodInvocation.proceed(ReflectiveMethodInvocation.java:179)
	at org.springframework.aop.framework.JdkDynamicAopProxy.invoke(JdkDynamicAopProxy.java:213)
	at com.sun.proxy.$Proxy51.getLastJobExecution(Unknown Source)
	at org.springframework.batch.core.launch.support.SimpleJobLauncher.run(SimpleJobLauncher.java:98)
	at sun.reflect.NativeMethodAccessorImpl.invoke0(Native Method)
	at sun.reflect.NativeMethodAccessorImpl.invoke(NativeMethodAccessorImpl.java:62)
	at sun.reflect.DelegatingMethodAccessorImpl.invoke(DelegatingMethodAccessorImpl.java:43)
	at java.lang.reflect.Method.invoke(Method.java:498)
	at org.springframework.aop.support.AopUtils.invokeJoinpointUsingReflection(AopUtils.java:333)
	at org.springframework.aop.framework.ReflectiveMethodInvocation.invokeJoinpoint(ReflectiveMethodInvocation.java:190)
	at org.springframework.aop.framework.ReflectiveMethodInvocation.proceed(ReflectiveMethodInvocation.java:157)
	at org.springframework.batch.core.configuration.annotation.SimpleBatchConfiguration$PassthruAdvice.invoke(SimpleBatchConfiguration.java:127)
	at org.springframework.aop.framework.ReflectiveMethodInvocation.proceed(ReflectiveMethodInvocation.java:179)
	at org.springframework.aop.framework.JdkDynamicAopProxy.invoke(JdkDynamicAopProxy.java:213)
	at com.sun.proxy.$Proxy54.run(Unknown Source)
	at org.springframework.boot.autoconfigure.batch.JobLauncherCommandLineRunner.execute(JobLauncherCommandLineRunner.java:211)
	at org.springframework.boot.autoconfigure.batch.JobLauncherCommandLineRunner.executeLocalJobs(JobLauncherCommandLineRunner.java:227)
	at org.springframework.boot.autoconfigure.batch.JobLauncherCommandLineRunner.launchJobFromProperties(JobLauncherCommandLineRunner.java:123)
	at org.springframework.boot.autoconfigure.batch.JobLauncherCommandLineRunner.run(JobLauncherCommandLineRunner.java:117)
	at org.springframework.boot.SpringApplication.callRunner(SpringApplication.java:732)
	at org.springframework.boot.SpringApplication.callRunners(SpringApplication.java:716)
	at org.springframework.boot.SpringApplication.afterRefresh(SpringApplication.java:703)
	at org.springframework.boot.SpringApplication.run(SpringApplication.java:304)
	at org.springframework.boot.test.context.SpringBootContextLoader.loadContext(SpringBootContextLoader.java:120)
	at org.springframework.test.context.cache.DefaultCacheAwareContextLoaderDelegate.loadContextInternal(DefaultCacheAwareContextLoaderDelegate.java:98)
	at org.springframework.test.context.cache.DefaultCacheAwareContextLoaderDelegate.loadContext(DefaultCacheAwareContextLoaderDelegate.java:116)
	at org.springframework.test.context.support.DefaultTestContext.getApplicationContext(DefaultTestContext.java:83)
	at org.springframework.test.context.support.DependencyInjectionTestExecutionListener.injectDependencies(DependencyInjectionTestExecutionListener.java:117)
	at org.springframework.test.context.support.DependencyInjectionTestExecutionListener.prepareTestInstance(DependencyInjectionTestExecutionListener.java:83)
	at org.springframework.boot.test.autoconfigure.SpringBootDependencyInjectionTestExecutionListener.prepareTestInstance(SpringBootDependencyInjectionTestExecutionListener.java:44)
	at org.springframework.test.context.TestContextManager.prepareTestInstance(TestContextManager.java:230)
	at org.springframework.test.context.junit4.SpringJUnit4ClassRunner.createTest(SpringJUnit4ClassRunner.java:228)
	at org.springframework.test.context.junit4.SpringJUnit4ClassRunner$1.runReflectiveCall(SpringJUnit4ClassRunner.java:287)
	at org.junit.internal.runners.model.ReflectiveCallable.run(ReflectiveCallable.java:12)
	at org.springframework.test.context.junit4.SpringJUnit4ClassRunner.methodBlock(SpringJUnit4ClassRunner.java:289)
	at org.springframework.test.context.junit4.SpringJUnit4ClassRunner.runChild(SpringJUnit4ClassRunner.java:247)
	at org.springframework.test.context.junit4.SpringJUnit4ClassRunner.runChild(SpringJUnit4ClassRunner.java:94)
	at org.junit.runners.ParentRunner$3.run(ParentRunner.java:290)
	at org.junit.runners.ParentRunner$1.schedule(ParentRunner.java:71)
	at org.junit.runners.ParentRunner.runChildren(ParentRunner.java:288)
	at org.junit.runners.ParentRunner.access$000(ParentRunner.java:58)
	at org.junit.runners.ParentRunner$2.evaluate(ParentRunner.java:268)
	at org.springframework.test.context.junit4.statements.RunBeforeTestClassCallbacks.evaluate(RunBeforeTestClassCallbacks.java:61)
	at org.springframework.test.context.junit4.statements.RunAfterTestClassCallbacks.evaluate(RunAfterTestClassCallbacks.java:70)
	at org.junit.runners.ParentRunner.run(ParentRunner.java:363)
	at org.springframework.test.context.junit4.SpringJUnit4ClassRunner.run(SpringJUnit4ClassRunner.java:191)
	at org.apache.maven.surefire.junit4.JUnit4Provider.execute(JUnit4Provider.java:283)
	at org.apache.maven.surefire.junit4.JUnit4Provider.executeWithRerun(JUnit4Provider.java:173)
	at org.apache.maven.surefire.junit4.JUnit4Provider.executeTestSet(JUnit4Provider.java:153)
	at org.apache.maven.surefire.junit4.JUnit4Provider.invoke(JUnit4Provider.java:128)
	at org.apache.maven.surefire.booter.ForkedBooter.invokeProviderInSameClassLoader(ForkedBooter.java:203)
	at org.apache.maven.surefire.booter.ForkedBooter.runSuitesInProcess(ForkedBooter.java:155)
	at org.apache.maven.surefire.booter.ForkedBooter.main(ForkedBooter.java:103)
</error>
    <system-out><![CDATA[14:52:50.628 [main] DEBUG org.springframework.test.context.junit4.SpringJUnit4ClassRunner - SpringJUnit4ClassRunner constructor called with [class spring.batch.demo.DemoApplicationTests]
14:52:50.668 [main] DEBUG org.springframework.test.context.BootstrapUtils - Instantiating CacheAwareContextLoaderDelegate from class [org.springframework.test.context.cache.DefaultCacheAwareContextLoaderDelegate]
14:52:50.684 [main] DEBUG org.springframework.test.context.BootstrapUtils - Instantiating BootstrapContext using constructor [public org.springframework.test.context.support.DefaultBootstrapContext(java.lang.Class,org.springframework.test.context.CacheAwareContextLoaderDelegate)]
14:52:50.715 [main] DEBUG org.springframework.test.context.BootstrapUtils - Instantiating TestContextBootstrapper for test class [spring.batch.demo.DemoApplicationTests] from class [org.springframework.boot.test.context.SpringBootTestContextBootstrapper]
14:52:50.744 [main] INFO org.springframework.boot.test.context.SpringBootTestContextBootstrapper - Neither @ContextConfiguration nor @ContextHierarchy found for test class [spring.batch.demo.DemoApplicationTests], using SpringBootContextLoader
14:52:50.751 [main] DEBUG org.springframework.test.context.support.AbstractContextLoader - Did not detect default resource location for test class [spring.batch.demo.DemoApplicationTests]: class path resource [spring/batch/demo/DemoApplicationTests-context.xml] does not exist
14:52:50.751 [main] DEBUG org.springframework.test.context.support.AbstractContextLoader - Did not detect default resource location for test class [spring.batch.demo.DemoApplicationTests]: class path resource [spring/batch/demo/DemoApplicationTestsContext.groovy] does not exist
14:52:50.752 [main] INFO org.springframework.test.context.support.AbstractContextLoader - Could not detect default resource locations for test class [spring.batch.demo.DemoApplicationTests]: no resource found for suffixes {-context.xml, Context.groovy}.
14:52:50.753 [main] INFO org.springframework.test.context.support.AnnotationConfigContextLoaderUtils - Could not detect default configuration classes for test class [spring.batch.demo.DemoApplicationTests]: DemoApplicationTests does not declare any static, non-private, non-final, nested classes annotated with @Configuration.
14:52:50.846 [main] DEBUG org.springframework.test.context.support.ActiveProfilesUtils - Could not find an 'annotation declaring class' for annotation type [org.springframework.test.context.ActiveProfiles] and class [spring.batch.demo.DemoApplicationTests]
14:52:50.864 [main] DEBUG org.springframework.core.env.StandardEnvironment - Adding PropertySource 'systemProperties' with lowest search precedence
14:52:50.865 [main] DEBUG org.springframework.core.env.StandardEnvironment - Adding PropertySource 'systemEnvironment' with lowest search precedence
14:52:50.866 [main] DEBUG org.springframework.core.env.StandardEnvironment - Initialized StandardEnvironment with PropertySources [MapPropertySource@982007015 {name='systemProperties', properties={idea.version=2017.3.3, java.runtime.name=Java(TM) SE Runtime Environment, sun.boot.library.path=C:\Program Files\Java\jdk1.8.0_121\jre\bin, java.vm.version=25.121-b13, java.vm.vendor=Oracle Corporation, java.vendor.url=http://java.oracle.com/, path.separator=;, java.vm.name=Java HotSpot(TM) 64-Bit Server VM, file.encoding.pkg=sun.io, user.country=US, user.script=, sun.java.launcher=SUN_STANDARD, sun.os.patch.level=, java.vm.specification.name=Java Virtual Machine Specification, user.dir=C:\Users\Freya Gupta\Documents\Harshita\Spring\demoSpringBatch, java.runtime.version=1.8.0_121-b13, basedir=C:\Users\Freya Gupta\Documents\Harshita\Spring\demoSpringBatch, java.awt.graphicsenv=sun.awt.Win32GraphicsEnvironment, java.endorsed.dirs=C:\Program Files\Java\jdk1.8.0_121\jre\lib\endorsed, os.arch=amd64, surefire.real.class.path=C:\Users\Freya Gupta\Documents\Harshita\Spring\demoSpringBatch\target\surefire\surefirebooter3772008865758531431.jar, java.io.tmpdir=C:\Users\FREYAG~1\AppData\Local\Temp\, line.separator=
, java.vm.specification.vendor=Oracle Corporation, user.variant=, os.name=Windows 10, sun.jnu.encoding=Cp1252, java.library.path=C:\Program Files\Java\jdk1.8.0_121\jre\bin;C:\WINDOWS\Sun\Java\bin;C:\WINDOWS\system32;C:\WINDOWS;C:\app\FreyaGupta\product\11.2.0\dbhome_1\bin;C:\ProgramData\Oracle\Java\javapath;C:\Program Files (x86)\Intel\iCLS Client\;C:\Program Files\Intel\iCLS Client\;C:\WINDOWS\system32;C:\WINDOWS;C:\WINDOWS\System32\Wbem;C:\WINDOWS\System32\WindowsPowerShell\v1.0\;C:\Program Files (x86)\Intel\Intel(R) Management Engine Components\DAL;C:\Program Files\Intel\Intel(R) Management Engine Components\DAL;C:\Program Files (x86)\Intel\Intel(R) Management Engine Components\IPT;C:\Program Files\Intel\Intel(R) Management Engine Components\IPT;C:\Program Files\Intel\IntelSGXPSW\bin\x64\Release\;C:\Program Files\Intel\IntelSGXPSW\bin\win32\Release\;C:\Program Files\Intel\WiFi\bin\;C:\Program Files\Common Files\Intel\WirelessCommon\;C:\Users\Freya Gupta\apache-maven-3.5.2-bin\apache-maven-3.5.2\bin;C:\Program Files\Java\jdk1.8.0_121\bin;C:\Program Files\Java\jre1.8.0_121\bin;C:\Program Files\Git\cmd;C:\Users\Freya Gupta\AppData\Local\Microsoft\WindowsApps;;., surefire.test.class.path=C:\Users\Freya Gupta\Documents\Harshita\Spring\demoSpringBatch\target\test-classes;C:\Users\Freya Gupta\Documents\Harshita\Spring\demoSpringBatch\target\classes;C:\Users\Freya Gupta\.m2\repository\org\springframework\boot\spring-boot-starter-batch\1.5.9.RELEASE\spring-boot-starter-batch-1.5.9.RELEASE.jar;C:\Users\Freya Gupta\.m2\repository\org\springframework\boot\spring-boot-starter\1.5.9.RELEASE\spring-boot-starter-1.5.9.RELEASE.jar;C:\Users\Freya Gupta\.m2\repository\org\springframework\boot\spring-boot\1.5.9.RELEASE\spring-boot-1.5.9.RELEASE.jar;C:\Users\Freya Gupta\.m2\repository\org\springframework\boot\spring-boot-autoconfigure\1.5.9.RELEASE\spring-boot-autoconfigure-1.5.9.RELEASE.jar;C:\Users\Freya Gupta\.m2\repository\org\springframework\boot\spring-boot-starter-logging\1.5.9.RELEASE\spring-boot-starter-logging-1.5.9.RELEASE.jar;C:\Users\Freya Gupta\.m2\repository\ch\qos\logback\logback-classic\1.1.11\logback-classic-1.1.11.jar;C:\Users\Freya Gupta\.m2\repository\ch\qos\logback\logback-core\1.1.11\logback-core-1.1.11.jar;C:\Users\Freya Gupta\.m2\repository\org\slf4j\jcl-over-slf4j\1.7.25\jcl-over-slf4j-1.7.25.jar;C:\Users\Freya Gupta\.m2\repository\org\slf4j\jul-to-slf4j\1.7.25\jul-to-slf4j-1.7.25.jar;C:\Users\Freya Gupta\.m2\repository\org\slf4j\log4j-over-slf4j\1.7.25\log4j-over-slf4j-1.7.25.jar;C:\Users\Freya Gupta\.m2\repository\org\yaml\snakeyaml\1.17\snakeyaml-1.17.jar;C:\Users\Freya Gupta\.m2\repository\org\springframework\boot\spring-boot-starter-jdbc\1.5.9.RELEASE\spring-boot-starter-jdbc-1.5.9.RELEASE.jar;C:\Users\Freya Gupta\.m2\repository\org\apache\tomcat\tomcat-jdbc\8.5.23\tomcat-jdbc-8.5.23.jar;C:\Users\Freya Gupta\.m2\repository\org\apache\tomcat\tomcat-juli\8.5.23\tomcat-juli-8.5.23.jar;C:\Users\Freya Gupta\.m2\repository\org\springframework\batch\spring-batch-core\3.0.8.RELEASE\spring-batch-core-3.0.8.RELEASE.jar;C:\Users\Freya Gupta\.m2\repository\com\ibm\jbatch\com.ibm.jbatch-tck-spi\1.0\com.ibm.jbatch-tck-spi-1.0.jar;C:\Users\Freya Gupta\.m2\repository\javax\batch\javax.batch-api\1.0\javax.batch-api-1.0.jar;C:\Users\Freya Gupta\.m2\repository\com\thoughtworks\xstream\xstream\1.4.7\xstream-1.4.7.jar;C:\Users\Freya Gupta\.m2\repository\xmlpull\xmlpull\1.1.3.1\xmlpull-1.1.3.1.jar;C:\Users\Freya Gupta\.m2\repository\xpp3\xpp3_min\1.1.4c\xpp3_min-1.1.4c.jar;C:\Users\Freya Gupta\.m2\repository\org\codehaus\jettison\jettison\1.2\jettison-1.2.jar;C:\Users\Freya Gupta\.m2\repository\org\springframework\batch\spring-batch-infrastructure\3.0.8.RELEASE\spring-batch-infrastructure-3.0.8.RELEASE.jar;C:\Users\Freya Gupta\.m2\repository\org\springframework\retry\spring-retry\1.2.1.RELEASE\spring-retry-1.2.1.RELEASE.jar;C:\Users\Freya Gupta\.m2\repository\org\springframework\spring-aop\4.3.13.RELEASE\spring-aop-4.3.13.RELEASE.jar;C:\Users\Freya Gupta\.m2\repository\org\springframework\spring-beans\4.3.13.RELEASE\spring-beans-4.3.13.RELEASE.jar;C:\Users\Freya Gupta\.m2\repository\org\springframework\spring-context\4.3.13.RELEASE\spring-context-4.3.13.RELEASE.jar;C:\Users\Freya Gupta\.m2\repository\org\springframework\spring-expression\4.3.13.RELEASE\spring-expression-4.3.13.RELEASE.jar;C:\Users\Freya Gupta\.m2\repository\org\springframework\spring-tx\4.3.13.RELEASE\spring-tx-4.3.13.RELEASE.jar;C:\Users\Freya Gupta\.m2\repository\com\oracle\ojdbc6\11.1.0.7.0\ojdbc6-11.1.0.7.0.jar;C:\Users\Freya Gupta\.m2\repository\org\springframework\boot\spring-boot-starter-test\1.5.9.RELEASE\spring-boot-starter-test-1.5.9.RELEASE.jar;C:\Users\Freya Gupta\.m2\repository\org\springframework\boot\spring-boot-test\1.5.9.RELEASE\spring-boot-test-1.5.9.RELEASE.jar;C:\Users\Freya Gupta\.m2\repository\org\springframework\boot\spring-boot-test-autoconfigure\1.5.9.RELEASE\spring-boot-test-autoconfigure-1.5.9.RELEASE.jar;C:\Users\Freya Gupta\.m2\repository\com\jayway\jsonpath\json-path\2.2.0\json-path-2.2.0.jar;C:\Users\Freya Gupta\.m2\repository\net\minidev\json-smart\2.2.1\json-smart-2.2.1.jar;C:\Users\Freya Gupta\.m2\repository\net\minidev\accessors-smart\1.1\accessors-smart-1.1.jar;C:\Users\Freya Gupta\.m2\repository\org\ow2\asm\asm\5.0.3\asm-5.0.3.jar;C:\Users\Freya Gupta\.m2\repository\org\slf4j\slf4j-api\1.7.25\slf4j-api-1.7.25.jar;C:\Users\Freya Gupta\.m2\repository\junit\junit\4.12\junit-4.12.jar;C:\Users\Freya Gupta\.m2\repository\org\assertj\assertj-core\2.6.0\assertj-core-2.6.0.jar;C:\Users\Freya Gupta\.m2\repository\org\mockito\mockito-core\1.10.19\mockito-core-1.10.19.jar;C:\Users\Freya Gupta\.m2\repository\org\objenesis\objenesis\2.1\objenesis-2.1.jar;C:\Users\Freya Gupta\.m2\repository\org\hamcrest\hamcrest-core\1.3\hamcrest-core-1.3.jar;C:\Users\Freya Gupta\.m2\repository\org\hamcrest\hamcrest-library\1.3\hamcrest-library-1.3.jar;C:\Users\Freya Gupta\.m2\repository\org\skyscreamer\jsonassert\1.4.0\jsonassert-1.4.0.jar;C:\Users\Freya Gupta\.m2\repository\com\vaadin\external\google\android-json\0.0.20131108.vaadin1\android-json-0.0.20131108.vaadin1.jar;C:\Users\Freya Gupta\.m2\repository\org\springframework\spring-core\4.3.13.RELEASE\spring-core-4.3.13.RELEASE.jar;C:\Users\Freya Gupta\.m2\repository\org\springframework\spring-test\4.3.13.RELEASE\spring-test-4.3.13.RELEASE.jar;C:\Users\Freya Gupta\.m2\repository\org\springframework\batch\spring-batch-test\3.0.8.RELEASE\spring-batch-test-3.0.8.RELEASE.jar;C:\Users\Freya Gupta\.m2\repository\commons-collections\commons-collections\3.2.2\commons-collections-3.2.2.jar;C:\Users\Freya Gupta\.m2\repository\commons-io\commons-io\2.4\commons-io-2.4.jar;C:\Users\Freya Gupta\.m2\repository\org\springframework\spring-jdbc\4.3.13.RELEASE\spring-jdbc-4.3.13.RELEASE.jar;, java.specification.name=Java Platform API Specification, java.class.version=52.0, sun.management.compiler=HotSpot 64-Bit Tiered Compilers, os.version=10.0, user.home=C:\Users\Freya Gupta, user.timezone=America/New_York, java.awt.printerjob=sun.awt.windows.WPrinterJob, file.encoding=Cp1252, java.specification.version=1.8, java.class.path=C:\Users\Freya Gupta\Documents\Harshita\Spring\demoSpringBatch\target\test-classes;C:\Users\Freya Gupta\Documents\Harshita\Spring\demoSpringBatch\target\classes;C:\Users\Freya Gupta\.m2\repository\org\springframework\boot\spring-boot-starter-batch\1.5.9.RELEASE\spring-boot-starter-batch-1.5.9.RELEASE.jar;C:\Users\Freya Gupta\.m2\repository\org\springframework\boot\spring-boot-starter\1.5.9.RELEASE\spring-boot-starter-1.5.9.RELEASE.jar;C:\Users\Freya Gupta\.m2\repository\org\springframework\boot\spring-boot\1.5.9.RELEASE\spring-boot-1.5.9.RELEASE.jar;C:\Users\Freya Gupta\.m2\repository\org\springframework\boot\spring-boot-autoconfigure\1.5.9.RELEASE\spring-boot-autoconfigure-1.5.9.RELEASE.jar;C:\Users\Freya Gupta\.m2\repository\org\springframework\boot\spring-boot-starter-logging\1.5.9.RELEASE\spring-boot-starter-logging-1.5.9.RELEASE.jar;C:\Users\Freya Gupta\.m2\repository\ch\qos\logback\logback-classic\1.1.11\logback-classic-1.1.11.jar;C:\Users\Freya Gupta\.m2\repository\ch\qos\logback\logback-core\1.1.11\logback-core-1.1.11.jar;C:\Users\Freya Gupta\.m2\repository\org\slf4j\jcl-over-slf4j\1.7.25\jcl-over-slf4j-1.7.25.jar;C:\Users\Freya Gupta\.m2\repository\org\slf4j\jul-to-slf4j\1.7.25\jul-to-slf4j-1.7.25.jar;C:\Users\Freya Gupta\.m2\repository\org\slf4j\log4j-over-slf4j\1.7.25\log4j-over-slf4j-1.7.25.jar;C:\Users\Freya Gupta\.m2\repository\org\yaml\snakeyaml\1.17\snakeyaml-1.17.jar;C:\Users\Freya Gupta\.m2\repository\org\springframework\boot\spring-boot-starter-jdbc\1.5.9.RELEASE\spring-boot-starter-jdbc-1.5.9.RELEASE.jar;C:\Users\Freya Gupta\.m2\repository\org\apache\tomcat\tomcat-jdbc\8.5.23\tomcat-jdbc-8.5.23.jar;C:\Users\Freya Gupta\.m2\repository\org\apache\tomcat\tomcat-juli\8.5.23\tomcat-juli-8.5.23.jar;C:\Users\Freya Gupta\.m2\repository\org\springframework\batch\spring-batch-core\3.0.8.RELEASE\spring-batch-core-3.0.8.RELEASE.jar;C:\Users\Freya Gupta\.m2\repository\com\ibm\jbatch\com.ibm.jbatch-tck-spi\1.0\com.ibm.jbatch-tck-spi-1.0.jar;C:\Users\Freya Gupta\.m2\repository\javax\batch\javax.batch-api\1.0\javax.batch-api-1.0.jar;C:\Users\Freya Gupta\.m2\repository\com\thoughtworks\xstream\xstream\1.4.7\xstream-1.4.7.jar;C:\Users\Freya Gupta\.m2\repository\xmlpull\xmlpull\1.1.3.1\xmlpull-1.1.3.1.jar;C:\Users\Freya Gupta\.m2\repository\xpp3\xpp3_min\1.1.4c\xpp3_min-1.1.4c.jar;C:\Users\Freya Gupta\.m2\repository\org\codehaus\jettison\jettison\1.2\jettison-1.2.jar;C:\Users\Freya Gupta\.m2\repository\org\springframework\batch\spring-batch-infrastructure\3.0.8.RELEASE\spring-batch-infrastructure-3.0.8.RELEASE.jar;C:\Users\Freya Gupta\.m2\repository\org\springframework\retry\spring-retry\1.2.1.RELEASE\spring-retry-1.2.1.RELEASE.jar;C:\Users\Freya Gupta\.m2\repository\org\springframework\spring-aop\4.3.13.RELEASE\spring-aop-4.3.13.RELEASE.jar;C:\Users\Freya Gupta\.m2\repository\org\springframework\spring-beans\4.3.13.RELEASE\spring-beans-4.3.13.RELEASE.jar;C:\Users\Freya Gupta\.m2\repository\org\springframework\spring-context\4.3.13.RELEASE\spring-context-4.3.13.RELEASE.jar;C:\Users\Freya Gupta\.m2\repository\org\springframework\spring-expression\4.3.13.RELEASE\spring-expression-4.3.13.RELEASE.jar;C:\Users\Freya Gupta\.m2\repository\org\springframework\spring-tx\4.3.13.RELEASE\spring-tx-4.3.13.RELEASE.jar;C:\Users\Freya Gupta\.m2\repository\com\oracle\ojdbc6\11.1.0.7.0\ojdbc6-11.1.0.7.0.jar;C:\Users\Freya Gupta\.m2\repository\org\springframework\boot\spring-boot-starter-test\1.5.9.RELEASE\spring-boot-starter-test-1.5.9.RELEASE.jar;C:\Users\Freya Gupta\.m2\repository\org\springframework\boot\spring-boot-test\1.5.9.RELEASE\spring-boot-test-1.5.9.RELEASE.jar;C:\Users\Freya Gupta\.m2\repository\org\springframework\boot\spring-boot-test-autoconfigure\1.5.9.RELEASE\spring-boot-test-autoconfigure-1.5.9.RELEASE.jar;C:\Users\Freya Gupta\.m2\repository\com\jayway\jsonpath\json-path\2.2.0\json-path-2.2.0.jar;C:\Users\Freya Gupta\.m2\repository\net\minidev\json-smart\2.2.1\json-smart-2.2.1.jar;C:\Users\Freya Gupta\.m2\repository\net\minidev\accessors-smart\1.1\accessors-smart-1.1.jar;C:\Users\Freya Gupta\.m2\repository\org\ow2\asm\asm\5.0.3\asm-5.0.3.jar;C:\Users\Freya Gupta\.m2\repository\org\slf4j\slf4j-api\1.7.25\slf4j-api-1.7.25.jar;C:\Users\Freya Gupta\.m2\repository\junit\junit\4.12\junit-4.12.jar;C:\Users\Freya Gupta\.m2\repository\org\assertj\assertj-core\2.6.0\assertj-core-2.6.0.jar;C:\Users\Freya Gupta\.m2\repository\org\mockito\mockito-core\1.10.19\mockito-core-1.10.19.jar;C:\Users\Freya Gupta\.m2\repository\org\objenesis\objenesis\2.1\objenesis-2.1.jar;C:\Users\Freya Gupta\.m2\repository\org\hamcrest\hamcrest-core\1.3\hamcrest-core-1.3.jar;C:\Users\Freya Gupta\.m2\repository\org\hamcrest\hamcrest-library\1.3\hamcrest-library-1.3.jar;C:\Users\Freya Gupta\.m2\repository\org\skyscreamer\jsonassert\1.4.0\jsonassert-1.4.0.jar;C:\Users\Freya Gupta\.m2\repository\com\vaadin\external\google\android-json\0.0.20131108.vaadin1\android-json-0.0.20131108.vaadin1.jar;C:\Users\Freya Gupta\.m2\repository\org\springframework\spring-core\4.3.13.RELEASE\spring-core-4.3.13.RELEASE.jar;C:\Users\Freya Gupta\.m2\repository\org\springframework\spring-test\4.3.13.RELEASE\spring-test-4.3.13.RELEASE.jar;C:\Users\Freya Gupta\.m2\repository\org\springframework\batch\spring-batch-test\3.0.8.RELEASE\spring-batch-test-3.0.8.RELEASE.jar;C:\Users\Freya Gupta\.m2\repository\commons-collections\commons-collections\3.2.2\commons-collections-3.2.2.jar;C:\Users\Freya Gupta\.m2\repository\commons-io\commons-io\2.4\commons-io-2.4.jar;C:\Users\Freya Gupta\.m2\repository\org\springframework\spring-jdbc\4.3.13.RELEASE\spring-jdbc-4.3.13.RELEASE.jar;, user.name=Freya Gupta, java.vm.specification.version=1.8, sun.java.command=C:\Users\Freya Gupta\Documents\Harshita\Spring\demoSpringBatch\target\surefire\surefirebooter3772008865758531431.jar C:\Users\Freya Gupta\Documents\Harshita\Spring\demoSpringBatch\target\surefire\surefire250399152332615419tmp C:\Users\Freya Gupta\Documents\Harshita\Spring\demoSpringBatch\target\surefire\surefire_01915025222614782138tmp, java.home=C:\Program Files\Java\jdk1.8.0_121\jre, sun.arch.data.model=64, user.language=en, java.specification.vendor=Oracle Corporation, awt.toolkit=sun.awt.windows.WToolkit, java.vm.info=mixed mode, java.version=1.8.0_121, java.ext.dirs=C:\Program Files\Java\jdk1.8.0_121\jre\lib\ext;C:\WINDOWS\Sun\Java\lib\ext, sun.boot.class.path=C:\Program Files\Java\jdk1.8.0_121\jre\lib\resources.jar;C:\Program Files\Java\jdk1.8.0_121\jre\lib\rt.jar;C:\Program Files\Java\jdk1.8.0_121\jre\lib\sunrsasign.jar;C:\Program Files\Java\jdk1.8.0_121\jre\lib\jsse.jar;C:\Program Files\Java\jdk1.8.0_121\jre\lib\jce.jar;C:\Program Files\Java\jdk1.8.0_121\jre\lib\charsets.jar;C:\Program Files\Java\jdk1.8.0_121\jre\lib\jfr.jar;C:\Program Files\Java\jdk1.8.0_121\jre\classes, java.vendor=Oracle Corporation, localRepository=C:\Users\Freya Gupta\.m2\repository, file.separator=\, java.vendor.url.bug=http://bugreport.sun.com/bugreport/, sun.io.unicode.encoding=UnicodeLittle, sun.cpu.endian=little, sun.desktop=windows, sun.cpu.isalist=amd64}}, SystemEnvironmentPropertySource@1232306490 {name='systemEnvironment', properties={PATH=C:\app\FreyaGupta\product\11.2.0\dbhome_1\bin;C:\ProgramData\Oracle\Java\javapath;C:\Program Files (x86)\Intel\iCLS Client\;C:\Program Files\Intel\iCLS Client\;C:\WINDOWS\system32;C:\WINDOWS;C:\WINDOWS\System32\Wbem;C:\WINDOWS\System32\WindowsPowerShell\v1.0\;C:\Program Files (x86)\Intel\Intel(R) Management Engine Components\DAL;C:\Program Files\Intel\Intel(R) Management Engine Components\DAL;C:\Program Files (x86)\Intel\Intel(R) Management Engine Components\IPT;C:\Program Files\Intel\Intel(R) Management Engine Components\IPT;C:\Program Files\Intel\IntelSGXPSW\bin\x64\Release\;C:\Program Files\Intel\IntelSGXPSW\bin\win32\Release\;C:\Program Files\Intel\WiFi\bin\;C:\Program Files\Common Files\Intel\WirelessCommon\;C:\Users\Freya Gupta\apache-maven-3.5.2-bin\apache-maven-3.5.2\bin;C:\Program Files\Java\jdk1.8.0_121\bin;C:\Program Files\Java\jre1.8.0_121\bin;C:\Program Files\Git\cmd;C:\Users\Freya Gupta\AppData\Local\Microsoft\WindowsApps;, USERDOMAIN_ROAMINGPROFILE=DESKTOP-9KDO65R, LOCALAPPDATA=C:\Users\Freya Gupta\AppData\Local, PROCESSOR_LEVEL=6, SYSTEMDRIVE=C:, COMMONPROGRAMFILES(X86)=C:\Program Files (x86)\Common Files, USERDOMAIN=DESKTOP-9KDO65R, FPS_BROWSER_APP_PROFILE_STRING=Internet Explorer, LOGONSERVER=\\DESKTOP-9KDO65R, JAVA_HOME=C:\Program Files\Java\jdk1.8.0_121, PROMPT=$P$G, SESSIONNAME=Console, ALLUSERSPROFILE=C:\ProgramData, PROGRAMFILES(X86)=C:\Program Files (x86), PLATFORMCODE=KV, ASL.LOG=Destination=file, PROCESSOR_ARCHITECTURE=AMD64, ONLINESERVICES=Online Services, PLATFORM=MCD, MAVEN_HOME=C:\Users\Freya Gupta\apache-maven-3.5.2-bin\apache-maven-3.5.2, PROGRAMFILES=C:\Program Files, =C:=C:\Users\Freya Gupta\Documents\Harshita\Spring\demoSpringBatch, APPDATA=C:\Users\Freya Gupta\AppData\Roaming, PSMODULEPATH=C:\WINDOWS\system32\WindowsPowerShell\v1.0\Modules\;C:\Program Files\WindowsPowerShell\Modules;C:\WINDOWS\system32\WindowsPowerShell\v1.0\Modules, PROGRAMW6432=C:\Program Files, PROGRAMDATA=C:\ProgramData, SYSTEMROOT=C:\WINDOWS, USERNAME=Freya Gupta, FPS_BROWSER_USER_PROFILE_STRING=Default, ONEDRIVE=C:\Users\Freya Gupta\OneDrive, PATHEXT=.COM;.EXE;.BAT;.CMD;.VBS;.VBE;.JS;.JSE;.WSF;.WSH;.MSC, OS=Windows_NT, COMMONPROGRAMW6432=C:\Program Files\Common Files, COMPUTERNAME=DESKTOP-9KDO65R, COMMONPROGRAMFILES=C:\Program Files\Common Files, COMSPEC=C:\WINDOWS\system32\cmd.exe, PROCESSOR_REVISION=4e03, REGIONCODE=NA, WINDIR=C:\WINDOWS, HOMEPATH=\Users\Freya Gupta, TEMP=C:\Users\FREYAG~1\AppData\Local\Temp, HOMEDRIVE=C:, PROCESSOR_IDENTIFIER=Intel64 Family 6 Model 78 Stepping 3, GenuineIntel, USERPROFILE=C:\Users\Freya Gupta, TMP=C:\Users\FREYAG~1\AppData\Local\Temp, PUBLIC=C:\Users\Public, NUMBER_OF_PROCESSORS=4, =::=::\}}]
14:52:50.916 [main] DEBUG org.springframework.core.io.support.PathMatchingResourcePatternResolver - Resolved classpath location [spring/batch/demo/] to resources [URL [file:/C:/Users/Freya%20Gupta/Documents/Harshita/Spring/demoSpringBatch/target/test-classes/spring/batch/demo/], URL [file:/C:/Users/Freya%20Gupta/Documents/Harshita/Spring/demoSpringBatch/target/classes/spring/batch/demo/]]
14:52:50.917 [main] DEBUG org.springframework.core.io.support.PathMatchingResourcePatternResolver - Looking for matching resources in directory tree [C:\Users\Freya Gupta\Documents\Harshita\Spring\demoSpringBatch\target\test-classes\spring\batch\demo]
14:52:50.917 [main] DEBUG org.springframework.core.io.support.PathMatchingResourcePatternResolver - Searching directory [C:\Users\Freya Gupta\Documents\Harshita\Spring\demoSpringBatch\target\test-classes\spring\batch\demo] for files matching pattern [C:/Users/Freya Gupta/Documents/Harshita/Spring/demoSpringBatch/target/test-classes/spring/batch/demo/*.class]
14:52:50.927 [main] DEBUG org.springframework.core.io.support.PathMatchingResourcePatternResolver - Looking for matching resources in directory tree [C:\Users\Freya Gupta\Documents\Harshita\Spring\demoSpringBatch\target\classes\spring\batch\demo]
14:52:50.928 [main] DEBUG org.springframework.core.io.support.PathMatchingResourcePatternResolver - Searching directory [C:\Users\Freya Gupta\Documents\Harshita\Spring\demoSpringBatch\target\classes\spring\batch\demo] for files matching pattern [C:/Users/Freya Gupta/Documents/Harshita/Spring/demoSpringBatch/target/classes/spring/batch/demo/*.class]
14:52:50.930 [main] DEBUG org.springframework.core.io.support.PathMatchingResourcePatternResolver - Resolved location pattern [classpath*:spring/batch/demo/*.class] to resources [file [C:\Users\Freya Gupta\Documents\Harshita\Spring\demoSpringBatch\target\test-classes\spring\batch\demo\DemoApplicationTests.class], file [C:\Users\Freya Gupta\Documents\Harshita\Spring\demoSpringBatch\target\classes\spring\batch\demo\DemoApplication.class]]
14:52:51.070 [main] DEBUG org.springframework.context.annotation.ClassPathScanningCandidateComponentProvider - Identified candidate component class: file [C:\Users\Freya Gupta\Documents\Harshita\Spring\demoSpringBatch\target\classes\spring\batch\demo\DemoApplication.class]
14:52:51.073 [main] INFO org.springframework.boot.test.context.SpringBootTestContextBootstrapper - Found @SpringBootConfiguration spring.batch.demo.DemoApplication for test class spring.batch.demo.DemoApplicationTests
14:52:51.082 [main] DEBUG org.springframework.boot.test.context.SpringBootTestContextBootstrapper - @TestExecutionListeners is not present for class [spring.batch.demo.DemoApplicationTests]: using defaults.
14:52:51.088 [main] INFO org.springframework.boot.test.context.SpringBootTestContextBootstrapper - Loaded default TestExecutionListener class names from location [META-INF/spring.factories]: [org.springframework.boot.test.mock.mockito.MockitoTestExecutionListener, org.springframework.boot.test.mock.mockito.ResetMocksTestExecutionListener, org.springframework.boot.test.autoconfigure.restdocs.RestDocsTestExecutionListener, org.springframework.boot.test.autoconfigure.web.client.MockRestServiceServerResetTestExecutionListener, org.springframework.boot.test.autoconfigure.web.servlet.MockMvcPrintOnlyOnFailureTestExecutionListener, org.springframework.boot.test.autoconfigure.web.servlet.WebDriverTestExecutionListener, org.springframework.test.context.web.ServletTestExecutionListener, org.springframework.test.context.support.DirtiesContextBeforeModesTestExecutionListener, org.springframework.test.context.support.DependencyInjectionTestExecutionListener, org.springframework.test.context.support.DirtiesContextTestExecutionListener, org.springframework.test.context.transaction.TransactionalTestExecutionListener, org.springframework.test.context.jdbc.SqlScriptsTestExecutionListener]
14:52:51.184 [main] INFO org.springframework.boot.test.context.SpringBootTestContextBootstrapper - Could not instantiate TestExecutionListener [org.springframework.test.context.web.ServletTestExecutionListener]. Specify custom listener classes or make the default listener classes (and their required dependencies) available. Offending class: [javax/servlet/ServletContext]
14:52:51.200 [main] INFO org.springframework.boot.test.context.SpringBootTestContextBootstrapper - Using TestExecutionListeners: [org.springframework.test.context.support.DirtiesContextBeforeModesTestExecutionListener@71623278, org.springframework.boot.test.autoconfigure.SpringBootDependencyInjectionTestExecutionListener@768b970c, org.springframework.test.context.support.DirtiesContextTestExecutionListener@5a4041cc, org.springframework.test.context.transaction.TransactionalTestExecutionListener@15b3e5b, org.springframework.test.context.jdbc.SqlScriptsTestExecutionListener@61ca2dfa, org.springframework.boot.test.mock.mockito.ResetMocksTestExecutionListener@4b53f538, org.springframework.boot.test.autoconfigure.web.servlet.MockMvcPrintOnlyOnFailureTestExecutionListener@134593bf, org.springframework.boot.test.mock.mockito.MockitoTestExecutionListener@4bb4de6a, org.springframework.boot.test.autoconfigure.restdocs.RestDocsTestExecutionListener@7ba18f1b, org.springframework.boot.test.autoconfigure.web.servlet.WebDriverTestExecutionListener@2f8f5f62, org.springframework.boot.test.autoconfigure.web.client.MockRestServiceServerResetTestExecutionListener@1068e947]
14:52:51.216 [main] DEBUG org.springframework.test.annotation.ProfileValueUtils - Retrieved @ProfileValueSourceConfiguration [null] for test class [spring.batch.demo.DemoApplicationTests]
14:52:51.217 [main] DEBUG org.springframework.test.annotation.ProfileValueUtils - Retrieved ProfileValueSource type [class org.springframework.test.annotation.SystemProfileValueSource] for class [spring.batch.demo.DemoApplicationTests]
14:52:51.226 [main] DEBUG org.springframework.test.context.junit4.SpringJUnit4ClassRunner - SpringJUnit4ClassRunner constructor called with [class spring.batch.demo.DemoApplicationTests]
14:52:51.226 [main] DEBUG org.springframework.test.context.BootstrapUtils - Instantiating CacheAwareContextLoaderDelegate from class [org.springframework.test.context.cache.DefaultCacheAwareContextLoaderDelegate]
14:52:51.227 [main] DEBUG org.springframework.test.context.BootstrapUtils - Instantiating BootstrapContext using constructor [public org.springframework.test.context.support.DefaultBootstrapContext(java.lang.Class,org.springframework.test.context.CacheAwareContextLoaderDelegate)]
14:52:51.227 [main] DEBUG org.springframework.test.context.BootstrapUtils - Instantiating TestContextBootstrapper for test class [spring.batch.demo.DemoApplicationTests] from class [org.springframework.boot.test.context.SpringBootTestContextBootstrapper]
14:52:51.228 [main] INFO org.springframework.boot.test.context.SpringBootTestContextBootstrapper - Neither @ContextConfiguration nor @ContextHierarchy found for test class [spring.batch.demo.DemoApplicationTests], using SpringBootContextLoader
14:52:51.229 [main] DEBUG org.springframework.test.context.support.AbstractContextLoader - Did not detect default resource location for test class [spring.batch.demo.DemoApplicationTests]: class path resource [spring/batch/demo/DemoApplicationTests-context.xml] does not exist
14:52:51.230 [main] DEBUG org.springframework.test.context.support.AbstractContextLoader - Did not detect default resource location for test class [spring.batch.demo.DemoApplicationTests]: class path resource [spring/batch/demo/DemoApplicationTestsContext.groovy] does not exist
14:52:51.231 [main] INFO org.springframework.test.context.support.AbstractContextLoader - Could not detect default resource locations for test class [spring.batch.demo.DemoApplicationTests]: no resource found for suffixes {-context.xml, Context.groovy}.
14:52:51.231 [main] INFO org.springframework.test.context.support.AnnotationConfigContextLoaderUtils - Could not detect default configuration classes for test class [spring.batch.demo.DemoApplicationTests]: DemoApplicationTests does not declare any static, non-private, non-final, nested classes annotated with @Configuration.
14:52:51.241 [main] DEBUG org.springframework.test.context.support.ActiveProfilesUtils - Could not find an 'annotation declaring class' for annotation type [org.springframework.test.context.ActiveProfiles] and class [spring.batch.demo.DemoApplicationTests]
14:52:51.241 [main] DEBUG org.springframework.core.env.StandardEnvironment - Adding PropertySource 'systemProperties' with lowest search precedence
14:52:51.241 [main] DEBUG org.springframework.core.env.StandardEnvironment - Adding PropertySource 'systemEnvironment' with lowest search precedence
14:52:51.242 [main] DEBUG org.springframework.core.env.StandardEnvironment - Initialized StandardEnvironment with PropertySources [MapPropertySource@876213901 {name='systemProperties', properties={idea.version=2017.3.3, java.runtime.name=Java(TM) SE Runtime Environment, sun.boot.library.path=C:\Program Files\Java\jdk1.8.0_121\jre\bin, java.vm.version=25.121-b13, java.vm.vendor=Oracle Corporation, java.vendor.url=http://java.oracle.com/, path.separator=;, java.vm.name=Java HotSpot(TM) 64-Bit Server VM, file.encoding.pkg=sun.io, user.country=US, user.script=, sun.java.launcher=SUN_STANDARD, sun.os.patch.level=, java.vm.specification.name=Java Virtual Machine Specification, user.dir=C:\Users\Freya Gupta\Documents\Harshita\Spring\demoSpringBatch, java.runtime.version=1.8.0_121-b13, basedir=C:\Users\Freya Gupta\Documents\Harshita\Spring\demoSpringBatch, java.awt.graphicsenv=sun.awt.Win32GraphicsEnvironment, java.endorsed.dirs=C:\Program Files\Java\jdk1.8.0_121\jre\lib\endorsed, os.arch=amd64, surefire.real.class.path=C:\Users\Freya Gupta\Documents\Harshita\Spring\demoSpringBatch\target\surefire\surefirebooter3772008865758531431.jar, java.io.tmpdir=C:\Users\FREYAG~1\AppData\Local\Temp\, line.separator=
, java.vm.specification.vendor=Oracle Corporation, user.variant=, os.name=Windows 10, sun.jnu.encoding=Cp1252, java.library.path=C:\Program Files\Java\jdk1.8.0_121\jre\bin;C:\WINDOWS\Sun\Java\bin;C:\WINDOWS\system32;C:\WINDOWS;C:\app\FreyaGupta\product\11.2.0\dbhome_1\bin;C:\ProgramData\Oracle\Java\javapath;C:\Program Files (x86)\Intel\iCLS Client\;C:\Program Files\Intel\iCLS Client\;C:\WINDOWS\system32;C:\WINDOWS;C:\WINDOWS\System32\Wbem;C:\WINDOWS\System32\WindowsPowerShell\v1.0\;C:\Program Files (x86)\Intel\Intel(R) Management Engine Components\DAL;C:\Program Files\Intel\Intel(R) Management Engine Components\DAL;C:\Program Files (x86)\Intel\Intel(R) Management Engine Components\IPT;C:\Program Files\Intel\Intel(R) Management Engine Components\IPT;C:\Program Files\Intel\IntelSGXPSW\bin\x64\Release\;C:\Program Files\Intel\IntelSGXPSW\bin\win32\Release\;C:\Program Files\Intel\WiFi\bin\;C:\Program Files\Common Files\Intel\WirelessCommon\;C:\Users\Freya Gupta\apache-maven-3.5.2-bin\apache-maven-3.5.2\bin;C:\Program Files\Java\jdk1.8.0_121\bin;C:\Program Files\Java\jre1.8.0_121\bin;C:\Program Files\Git\cmd;C:\Users\Freya Gupta\AppData\Local\Microsoft\WindowsApps;;., surefire.test.class.path=C:\Users\Freya Gupta\Documents\Harshita\Spring\demoSpringBatch\target\test-classes;C:\Users\Freya Gupta\Documents\Harshita\Spring\demoSpringBatch\target\classes;C:\Users\Freya Gupta\.m2\repository\org\springframework\boot\spring-boot-starter-batch\1.5.9.RELEASE\spring-boot-starter-batch-1.5.9.RELEASE.jar;C:\Users\Freya Gupta\.m2\repository\org\springframework\boot\spring-boot-starter\1.5.9.RELEASE\spring-boot-starter-1.5.9.RELEASE.jar;C:\Users\Freya Gupta\.m2\repository\org\springframework\boot\spring-boot\1.5.9.RELEASE\spring-boot-1.5.9.RELEASE.jar;C:\Users\Freya Gupta\.m2\repository\org\springframework\boot\spring-boot-autoconfigure\1.5.9.RELEASE\spring-boot-autoconfigure-1.5.9.RELEASE.jar;C:\Users\Freya Gupta\.m2\repository\org\springframework\boot\spring-boot-starter-logging\1.5.9.RELEASE\spring-boot-starter-logging-1.5.9.RELEASE.jar;C:\Users\Freya Gupta\.m2\repository\ch\qos\logback\logback-classic\1.1.11\logback-classic-1.1.11.jar;C:\Users\Freya Gupta\.m2\repository\ch\qos\logback\logback-core\1.1.11\logback-core-1.1.11.jar;C:\Users\Freya Gupta\.m2\repository\org\slf4j\jcl-over-slf4j\1.7.25\jcl-over-slf4j-1.7.25.jar;C:\Users\Freya Gupta\.m2\repository\org\slf4j\jul-to-slf4j\1.7.25\jul-to-slf4j-1.7.25.jar;C:\Users\Freya Gupta\.m2\repository\org\slf4j\log4j-over-slf4j\1.7.25\log4j-over-slf4j-1.7.25.jar;C:\Users\Freya Gupta\.m2\repository\org\yaml\snakeyaml\1.17\snakeyaml-1.17.jar;C:\Users\Freya Gupta\.m2\repository\org\springframework\boot\spring-boot-starter-jdbc\1.5.9.RELEASE\spring-boot-starter-jdbc-1.5.9.RELEASE.jar;C:\Users\Freya Gupta\.m2\repository\org\apache\tomcat\tomcat-jdbc\8.5.23\tomcat-jdbc-8.5.23.jar;C:\Users\Freya Gupta\.m2\repository\org\apache\tomcat\tomcat-juli\8.5.23\tomcat-juli-8.5.23.jar;C:\Users\Freya Gupta\.m2\repository\org\springframework\batch\spring-batch-core\3.0.8.RELEASE\spring-batch-core-3.0.8.RELEASE.jar;C:\Users\Freya Gupta\.m2\repository\com\ibm\jbatch\com.ibm.jbatch-tck-spi\1.0\com.ibm.jbatch-tck-spi-1.0.jar;C:\Users\Freya Gupta\.m2\repository\javax\batch\javax.batch-api\1.0\javax.batch-api-1.0.jar;C:\Users\Freya Gupta\.m2\repository\com\thoughtworks\xstream\xstream\1.4.7\xstream-1.4.7.jar;C:\Users\Freya Gupta\.m2\repository\xmlpull\xmlpull\1.1.3.1\xmlpull-1.1.3.1.jar;C:\Users\Freya Gupta\.m2\repository\xpp3\xpp3_min\1.1.4c\xpp3_min-1.1.4c.jar;C:\Users\Freya Gupta\.m2\repository\org\codehaus\jettison\jettison\1.2\jettison-1.2.jar;C:\Users\Freya Gupta\.m2\repository\org\springframework\batch\spring-batch-infrastructure\3.0.8.RELEASE\spring-batch-infrastructure-3.0.8.RELEASE.jar;C:\Users\Freya Gupta\.m2\repository\org\springframework\retry\spring-retry\1.2.1.RELEASE\spring-retry-1.2.1.RELEASE.jar;C:\Users\Freya Gupta\.m2\repository\org\springframework\spring-aop\4.3.13.RELEASE\spring-aop-4.3.13.RELEASE.jar;C:\Users\Freya Gupta\.m2\repository\org\springframework\spring-beans\4.3.13.RELEASE\spring-beans-4.3.13.RELEASE.jar;C:\Users\Freya Gupta\.m2\repository\org\springframework\spring-context\4.3.13.RELEASE\spring-context-4.3.13.RELEASE.jar;C:\Users\Freya Gupta\.m2\repository\org\springframework\spring-expression\4.3.13.RELEASE\spring-expression-4.3.13.RELEASE.jar;C:\Users\Freya Gupta\.m2\repository\org\springframework\spring-tx\4.3.13.RELEASE\spring-tx-4.3.13.RELEASE.jar;C:\Users\Freya Gupta\.m2\repository\com\oracle\ojdbc6\11.1.0.7.0\ojdbc6-11.1.0.7.0.jar;C:\Users\Freya Gupta\.m2\repository\org\springframework\boot\spring-boot-starter-test\1.5.9.RELEASE\spring-boot-starter-test-1.5.9.RELEASE.jar;C:\Users\Freya Gupta\.m2\repository\org\springframework\boot\spring-boot-test\1.5.9.RELEASE\spring-boot-test-1.5.9.RELEASE.jar;C:\Users\Freya Gupta\.m2\repository\org\springframework\boot\spring-boot-test-autoconfigure\1.5.9.RELEASE\spring-boot-test-autoconfigure-1.5.9.RELEASE.jar;C:\Users\Freya Gupta\.m2\repository\com\jayway\jsonpath\json-path\2.2.0\json-path-2.2.0.jar;C:\Users\Freya Gupta\.m2\repository\net\minidev\json-smart\2.2.1\json-smart-2.2.1.jar;C:\Users\Freya Gupta\.m2\repository\net\minidev\accessors-smart\1.1\accessors-smart-1.1.jar;C:\Users\Freya Gupta\.m2\repository\org\ow2\asm\asm\5.0.3\asm-5.0.3.jar;C:\Users\Freya Gupta\.m2\repository\org\slf4j\slf4j-api\1.7.25\slf4j-api-1.7.25.jar;C:\Users\Freya Gupta\.m2\repository\junit\junit\4.12\junit-4.12.jar;C:\Users\Freya Gupta\.m2\repository\org\assertj\assertj-core\2.6.0\assertj-core-2.6.0.jar;C:\Users\Freya Gupta\.m2\repository\org\mockito\mockito-core\1.10.19\mockito-core-1.10.19.jar;C:\Users\Freya Gupta\.m2\repository\org\objenesis\objenesis\2.1\objenesis-2.1.jar;C:\Users\Freya Gupta\.m2\repository\org\hamcrest\hamcrest-core\1.3\hamcrest-core-1.3.jar;C:\Users\Freya Gupta\.m2\repository\org\hamcrest\hamcrest-library\1.3\hamcrest-library-1.3.jar;C:\Users\Freya Gupta\.m2\repository\org\skyscreamer\jsonassert\1.4.0\jsonassert-1.4.0.jar;C:\Users\Freya Gupta\.m2\repository\com\vaadin\external\google\android-json\0.0.20131108.vaadin1\android-json-0.0.20131108.vaadin1.jar;C:\Users\Freya Gupta\.m2\repository\org\springframework\spring-core\4.3.13.RELEASE\spring-core-4.3.13.RELEASE.jar;C:\Users\Freya Gupta\.m2\repository\org\springframework\spring-test\4.3.13.RELEASE\spring-test-4.3.13.RELEASE.jar;C:\Users\Freya Gupta\.m2\repository\org\springframework\batch\spring-batch-test\3.0.8.RELEASE\spring-batch-test-3.0.8.RELEASE.jar;C:\Users\Freya Gupta\.m2\repository\commons-collections\commons-collections\3.2.2\commons-collections-3.2.2.jar;C:\Users\Freya Gupta\.m2\repository\commons-io\commons-io\2.4\commons-io-2.4.jar;C:\Users\Freya Gupta\.m2\repository\org\springframework\spring-jdbc\4.3.13.RELEASE\spring-jdbc-4.3.13.RELEASE.jar;, java.specification.name=Java Platform API Specification, java.class.version=52.0, sun.management.compiler=HotSpot 64-Bit Tiered Compilers, os.version=10.0, user.home=C:\Users\Freya Gupta, user.timezone=America/New_York, java.awt.printerjob=sun.awt.windows.WPrinterJob, file.encoding=Cp1252, java.specification.version=1.8, java.class.path=C:\Users\Freya Gupta\Documents\Harshita\Spring\demoSpringBatch\target\test-classes;C:\Users\Freya Gupta\Documents\Harshita\Spring\demoSpringBatch\target\classes;C:\Users\Freya Gupta\.m2\repository\org\springframework\boot\spring-boot-starter-batch\1.5.9.RELEASE\spring-boot-starter-batch-1.5.9.RELEASE.jar;C:\Users\Freya Gupta\.m2\repository\org\springframework\boot\spring-boot-starter\1.5.9.RELEASE\spring-boot-starter-1.5.9.RELEASE.jar;C:\Users\Freya Gupta\.m2\repository\org\springframework\boot\spring-boot\1.5.9.RELEASE\spring-boot-1.5.9.RELEASE.jar;C:\Users\Freya Gupta\.m2\repository\org\springframework\boot\spring-boot-autoconfigure\1.5.9.RELEASE\spring-boot-autoconfigure-1.5.9.RELEASE.jar;C:\Users\Freya Gupta\.m2\repository\org\springframework\boot\spring-boot-starter-logging\1.5.9.RELEASE\spring-boot-starter-logging-1.5.9.RELEASE.jar;C:\Users\Freya Gupta\.m2\repository\ch\qos\logback\logback-classic\1.1.11\logback-classic-1.1.11.jar;C:\Users\Freya Gupta\.m2\repository\ch\qos\logback\logback-core\1.1.11\logback-core-1.1.11.jar;C:\Users\Freya Gupta\.m2\repository\org\slf4j\jcl-over-slf4j\1.7.25\jcl-over-slf4j-1.7.25.jar;C:\Users\Freya Gupta\.m2\repository\org\slf4j\jul-to-slf4j\1.7.25\jul-to-slf4j-1.7.25.jar;C:\Users\Freya Gupta\.m2\repository\org\slf4j\log4j-over-slf4j\1.7.25\log4j-over-slf4j-1.7.25.jar;C:\Users\Freya Gupta\.m2\repository\org\yaml\snakeyaml\1.17\snakeyaml-1.17.jar;C:\Users\Freya Gupta\.m2\repository\org\springframework\boot\spring-boot-starter-jdbc\1.5.9.RELEASE\spring-boot-starter-jdbc-1.5.9.RELEASE.jar;C:\Users\Freya Gupta\.m2\repository\org\apache\tomcat\tomcat-jdbc\8.5.23\tomcat-jdbc-8.5.23.jar;C:\Users\Freya Gupta\.m2\repository\org\apache\tomcat\tomcat-juli\8.5.23\tomcat-juli-8.5.23.jar;C:\Users\Freya Gupta\.m2\repository\org\springframework\batch\spring-batch-core\3.0.8.RELEASE\spring-batch-core-3.0.8.RELEASE.jar;C:\Users\Freya Gupta\.m2\repository\com\ibm\jbatch\com.ibm.jbatch-tck-spi\1.0\com.ibm.jbatch-tck-spi-1.0.jar;C:\Users\Freya Gupta\.m2\repository\javax\batch\javax.batch-api\1.0\javax.batch-api-1.0.jar;C:\Users\Freya Gupta\.m2\repository\com\thoughtworks\xstream\xstream\1.4.7\xstream-1.4.7.jar;C:\Users\Freya Gupta\.m2\repository\xmlpull\xmlpull\1.1.3.1\xmlpull-1.1.3.1.jar;C:\Users\Freya Gupta\.m2\repository\xpp3\xpp3_min\1.1.4c\xpp3_min-1.1.4c.jar;C:\Users\Freya Gupta\.m2\repository\org\codehaus\jettison\jettison\1.2\jettison-1.2.jar;C:\Users\Freya Gupta\.m2\repository\org\springframework\batch\spring-batch-infrastructure\3.0.8.RELEASE\spring-batch-infrastructure-3.0.8.RELEASE.jar;C:\Users\Freya Gupta\.m2\repository\org\springframework\retry\spring-retry\1.2.1.RELEASE\spring-retry-1.2.1.RELEASE.jar;C:\Users\Freya Gupta\.m2\repository\org\springframework\spring-aop\4.3.13.RELEASE\spring-aop-4.3.13.RELEASE.jar;C:\Users\Freya Gupta\.m2\repository\org\springframework\spring-beans\4.3.13.RELEASE\spring-beans-4.3.13.RELEASE.jar;C:\Users\Freya Gupta\.m2\repository\org\springframework\spring-context\4.3.13.RELEASE\spring-context-4.3.13.RELEASE.jar;C:\Users\Freya Gupta\.m2\repository\org\springframework\spring-expression\4.3.13.RELEASE\spring-expression-4.3.13.RELEASE.jar;C:\Users\Freya Gupta\.m2\repository\org\springframework\spring-tx\4.3.13.RELEASE\spring-tx-4.3.13.RELEASE.jar;C:\Users\Freya Gupta\.m2\repository\com\oracle\ojdbc6\11.1.0.7.0\ojdbc6-11.1.0.7.0.jar;C:\Users\Freya Gupta\.m2\repository\org\springframework\boot\spring-boot-starter-test\1.5.9.RELEASE\spring-boot-starter-test-1.5.9.RELEASE.jar;C:\Users\Freya Gupta\.m2\repository\org\springframework\boot\spring-boot-test\1.5.9.RELEASE\spring-boot-test-1.5.9.RELEASE.jar;C:\Users\Freya Gupta\.m2\repository\org\springframework\boot\spring-boot-test-autoconfigure\1.5.9.RELEASE\spring-boot-test-autoconfigure-1.5.9.RELEASE.jar;C:\Users\Freya Gupta\.m2\repository\com\jayway\jsonpath\json-path\2.2.0\json-path-2.2.0.jar;C:\Users\Freya Gupta\.m2\repository\net\minidev\json-smart\2.2.1\json-smart-2.2.1.jar;C:\Users\Freya Gupta\.m2\repository\net\minidev\accessors-smart\1.1\accessors-smart-1.1.jar;C:\Users\Freya Gupta\.m2\repository\org\ow2\asm\asm\5.0.3\asm-5.0.3.jar;C:\Users\Freya Gupta\.m2\repository\org\slf4j\slf4j-api\1.7.25\slf4j-api-1.7.25.jar;C:\Users\Freya Gupta\.m2\repository\junit\junit\4.12\junit-4.12.jar;C:\Users\Freya Gupta\.m2\repository\org\assertj\assertj-core\2.6.0\assertj-core-2.6.0.jar;C:\Users\Freya Gupta\.m2\repository\org\mockito\mockito-core\1.10.19\mockito-core-1.10.19.jar;C:\Users\Freya Gupta\.m2\repository\org\objenesis\objenesis\2.1\objenesis-2.1.jar;C:\Users\Freya Gupta\.m2\repository\org\hamcrest\hamcrest-core\1.3\hamcrest-core-1.3.jar;C:\Users\Freya Gupta\.m2\repository\org\hamcrest\hamcrest-library\1.3\hamcrest-library-1.3.jar;C:\Users\Freya Gupta\.m2\repository\org\skyscreamer\jsonassert\1.4.0\jsonassert-1.4.0.jar;C:\Users\Freya Gupta\.m2\repository\com\vaadin\external\google\android-json\0.0.20131108.vaadin1\android-json-0.0.20131108.vaadin1.jar;C:\Users\Freya Gupta\.m2\repository\org\springframework\spring-core\4.3.13.RELEASE\spring-core-4.3.13.RELEASE.jar;C:\Users\Freya Gupta\.m2\repository\org\springframework\spring-test\4.3.13.RELEASE\spring-test-4.3.13.RELEASE.jar;C:\Users\Freya Gupta\.m2\repository\org\springframework\batch\spring-batch-test\3.0.8.RELEASE\spring-batch-test-3.0.8.RELEASE.jar;C:\Users\Freya Gupta\.m2\repository\commons-collections\commons-collections\3.2.2\commons-collections-3.2.2.jar;C:\Users\Freya Gupta\.m2\repository\commons-io\commons-io\2.4\commons-io-2.4.jar;C:\Users\Freya Gupta\.m2\repository\org\springframework\spring-jdbc\4.3.13.RELEASE\spring-jdbc-4.3.13.RELEASE.jar;, user.name=Freya Gupta, java.vm.specification.version=1.8, sun.java.command=C:\Users\Freya Gupta\Documents\Harshita\Spring\demoSpringBatch\target\surefire\surefirebooter3772008865758531431.jar C:\Users\Freya Gupta\Documents\Harshita\Spring\demoSpringBatch\target\surefire\surefire250399152332615419tmp C:\Users\Freya Gupta\Documents\Harshita\Spring\demoSpringBatch\target\surefire\surefire_01915025222614782138tmp, java.home=C:\Program Files\Java\jdk1.8.0_121\jre, sun.arch.data.model=64, user.language=en, java.specification.vendor=Oracle Corporation, awt.toolkit=sun.awt.windows.WToolkit, java.vm.info=mixed mode, java.version=1.8.0_121, java.ext.dirs=C:\Program Files\Java\jdk1.8.0_121\jre\lib\ext;C:\WINDOWS\Sun\Java\lib\ext, sun.boot.class.path=C:\Program Files\Java\jdk1.8.0_121\jre\lib\resources.jar;C:\Program Files\Java\jdk1.8.0_121\jre\lib\rt.jar;C:\Program Files\Java\jdk1.8.0_121\jre\lib\sunrsasign.jar;C:\Program Files\Java\jdk1.8.0_121\jre\lib\jsse.jar;C:\Program Files\Java\jdk1.8.0_121\jre\lib\jce.jar;C:\Program Files\Java\jdk1.8.0_121\jre\lib\charsets.jar;C:\Program Files\Java\jdk1.8.0_121\jre\lib\jfr.jar;C:\Program Files\Java\jdk1.8.0_121\jre\classes, java.vendor=Oracle Corporation, localRepository=C:\Users\Freya Gupta\.m2\repository, file.separator=\, java.vendor.url.bug=http://bugreport.sun.com/bugreport/, sun.io.unicode.encoding=UnicodeLittle, sun.cpu.endian=little, sun.desktop=windows, sun.cpu.isalist=amd64}}, SystemEnvironmentPropertySource@230528013 {name='systemEnvironment', properties={PATH=C:\app\FreyaGupta\product\11.2.0\dbhome_1\bin;C:\ProgramData\Oracle\Java\javapath;C:\Program Files (x86)\Intel\iCLS Client\;C:\Program Files\Intel\iCLS Client\;C:\WINDOWS\system32;C:\WINDOWS;C:\WINDOWS\System32\Wbem;C:\WINDOWS\System32\WindowsPowerShell\v1.0\;C:\Program Files (x86)\Intel\Intel(R) Management Engine Components\DAL;C:\Program Files\Intel\Intel(R) Management Engine Components\DAL;C:\Program Files (x86)\Intel\Intel(R) Management Engine Components\IPT;C:\Program Files\Intel\Intel(R) Management Engine Components\IPT;C:\Program Files\Intel\IntelSGXPSW\bin\x64\Release\;C:\Program Files\Intel\IntelSGXPSW\bin\win32\Release\;C:\Program Files\Intel\WiFi\bin\;C:\Program Files\Common Files\Intel\WirelessCommon\;C:\Users\Freya Gupta\apache-maven-3.5.2-bin\apache-maven-3.5.2\bin;C:\Program Files\Java\jdk1.8.0_121\bin;C:\Program Files\Java\jre1.8.0_121\bin;C:\Program Files\Git\cmd;C:\Users\Freya Gupta\AppData\Local\Microsoft\WindowsApps;, USERDOMAIN_ROAMINGPROFILE=DESKTOP-9KDO65R, LOCALAPPDATA=C:\Users\Freya Gupta\AppData\Local, PROCESSOR_LEVEL=6, SYSTEMDRIVE=C:, COMMONPROGRAMFILES(X86)=C:\Program Files (x86)\Common Files, USERDOMAIN=DESKTOP-9KDO65R, FPS_BROWSER_APP_PROFILE_STRING=Internet Explorer, LOGONSERVER=\\DESKTOP-9KDO65R, JAVA_HOME=C:\Program Files\Java\jdk1.8.0_121, PROMPT=$P$G, SESSIONNAME=Console, ALLUSERSPROFILE=C:\ProgramData, PROGRAMFILES(X86)=C:\Program Files (x86), PLATFORMCODE=KV, ASL.LOG=Destination=file, PROCESSOR_ARCHITECTURE=AMD64, ONLINESERVICES=Online Services, PLATFORM=MCD, MAVEN_HOME=C:\Users\Freya Gupta\apache-maven-3.5.2-bin\apache-maven-3.5.2, PROGRAMFILES=C:\Program Files, =C:=C:\Users\Freya Gupta\Documents\Harshita\Spring\demoSpringBatch, APPDATA=C:\Users\Freya Gupta\AppData\Roaming, PSMODULEPATH=C:\WINDOWS\system32\WindowsPowerShell\v1.0\Modules\;C:\Program Files\WindowsPowerShell\Modules;C:\WINDOWS\system32\WindowsPowerShell\v1.0\Modules, PROGRAMW6432=C:\Program Files, PROGRAMDATA=C:\ProgramData, SYSTEMROOT=C:\WINDOWS, USERNAME=Freya Gupta, FPS_BROWSER_USER_PROFILE_STRING=Default, ONEDRIVE=C:\Users\Freya Gupta\OneDrive, PATHEXT=.COM;.EXE;.BAT;.CMD;.VBS;.VBE;.JS;.JSE;.WSF;.WSH;.MSC, OS=Windows_NT, COMMONPROGRAMW6432=C:\Program Files\Common Files, COMPUTERNAME=DESKTOP-9KDO65R, COMMONPROGRAMFILES=C:\Program Files\Common Files, COMSPEC=C:\WINDOWS\system32\cmd.exe, PROCESSOR_REVISION=4e03, REGIONCODE=NA, WINDIR=C:\WINDOWS, HOMEPATH=\Users\Freya Gupta, TEMP=C:\Users\FREYAG~1\AppData\Local\Temp, HOMEDRIVE=C:, PROCESSOR_IDENTIFIER=Intel64 Family 6 Model 78 Stepping 3, GenuineIntel, USERPROFILE=C:\Users\Freya Gupta, TMP=C:\Users\FREYAG~1\AppData\Local\Temp, PUBLIC=C:\Users\Public, NUMBER_OF_PROCESSORS=4, =::=::\}}]
14:52:51.245 [main] INFO org.springframework.boot.test.context.SpringBootTestContextBootstrapper - Found @SpringBootConfiguration spring.batch.demo.DemoApplication for test class spring.batch.demo.DemoApplicationTests
14:52:51.250 [main] DEBUG org.springframework.boot.test.context.SpringBootTestContextBootstrapper - @TestExecutionListeners is not present for class [spring.batch.demo.DemoApplicationTests]: using defaults.
14:52:51.255 [main] INFO org.springframework.boot.test.context.SpringBootTestContextBootstrapper - Loaded default TestExecutionListener class names from location [META-INF/spring.factories]: [org.springframework.boot.test.mock.mockito.MockitoTestExecutionListener, org.springframework.boot.test.mock.mockito.ResetMocksTestExecutionListener, org.springframework.boot.test.autoconfigure.restdocs.RestDocsTestExecutionListener, org.springframework.boot.test.autoconfigure.web.client.MockRestServiceServerResetTestExecutionListener, org.springframework.boot.test.autoconfigure.web.servlet.MockMvcPrintOnlyOnFailureTestExecutionListener, org.springframework.boot.test.autoconfigure.web.servlet.WebDriverTestExecutionListener, org.springframework.test.context.web.ServletTestExecutionListener, org.springframework.test.context.support.DirtiesContextBeforeModesTestExecutionListener, org.springframework.test.context.support.DependencyInjectionTestExecutionListener, org.springframework.test.context.support.DirtiesContextTestExecutionListener, org.springframework.test.context.transaction.TransactionalTestExecutionListener, org.springframework.test.context.jdbc.SqlScriptsTestExecutionListener]
14:52:51.261 [main] INFO org.springframework.boot.test.context.SpringBootTestContextBootstrapper - Could not instantiate TestExecutionListener [org.springframework.test.context.web.ServletTestExecutionListener]. Specify custom listener classes or make the default listener classes (and their required dependencies) available. Offending class: [javax/servlet/ServletContext]
14:52:51.261 [main] INFO org.springframework.boot.test.context.SpringBootTestContextBootstrapper - Using TestExecutionListeners: [org.springframework.test.context.support.DirtiesContextBeforeModesTestExecutionListener@45afc369, org.springframework.boot.test.autoconfigure.SpringBootDependencyInjectionTestExecutionListener@799d4f69, org.springframework.test.context.support.DirtiesContextTestExecutionListener@49c43f4e, org.springframework.test.context.transaction.TransactionalTestExecutionListener@290dbf45, org.springframework.test.context.jdbc.SqlScriptsTestExecutionListener@12028586, org.springframework.boot.test.mock.mockito.ResetMocksTestExecutionListener@17776a8, org.springframework.boot.test.autoconfigure.web.servlet.MockMvcPrintOnlyOnFailureTestExecutionListener@69a10787, org.springframework.boot.test.mock.mockito.MockitoTestExecutionListener@2d127a61, org.springframework.boot.test.autoconfigure.restdocs.RestDocsTestExecutionListener@2bbaf4f0, org.springframework.boot.test.autoconfigure.web.servlet.WebDriverTestExecutionListener@11c20519, org.springframework.boot.test.autoconfigure.web.client.MockRestServiceServerResetTestExecutionListener@70beb599]
14:52:51.262 [main] DEBUG org.springframework.test.annotation.ProfileValueUtils - Retrieved @ProfileValueSourceConfiguration [null] for test class [spring.batch.demo.DemoApplicationTests]
14:52:51.262 [main] DEBUG org.springframework.test.annotation.ProfileValueUtils - Retrieved ProfileValueSource type [class org.springframework.test.annotation.SystemProfileValueSource] for class [spring.batch.demo.DemoApplicationTests]
14:52:51.263 [main] DEBUG org.springframework.test.annotation.ProfileValueUtils - Retrieved @ProfileValueSourceConfiguration [null] for test class [spring.batch.demo.DemoApplicationTests]
14:52:51.263 [main] DEBUG org.springframework.test.annotation.ProfileValueUtils - Retrieved ProfileValueSource type [class org.springframework.test.annotation.SystemProfileValueSource] for class [spring.batch.demo.DemoApplicationTests]
14:52:51.271 [main] DEBUG org.springframework.test.context.support.AbstractDirtiesContextTestExecutionListener - Before test class: context [DefaultTestContext@1176dcec testClass = DemoApplicationTests, testInstance = [null], testMethod = [null], testException = [null], mergedContextConfiguration = [MergedContextConfiguration@120d6fe6 testClass = DemoApplicationTests, locations = '{}', classes = '{class spring.batch.demo.DemoApplication}', contextInitializerClasses = '[]', activeProfiles = '{}', propertySourceLocations = '{}', propertySourceProperties = '{org.springframework.boot.test.context.SpringBootTestContextBootstrapper=true}', contextCustomizers = set[org.springframework.boot.test.context.SpringBootTestContextCustomizer@4bec1f0c, org.springframework.boot.test.context.filter.ExcludeFilterContextCustomizer@6adede5, org.springframework.boot.test.json.DuplicateJsonObjectContextCustomizerFactory$DuplicateJsonObjectContextCustomizer@49993335, org.springframework.boot.test.mock.mockito.MockitoContextCustomizer@0, org.springframework.boot.test.autoconfigure.properties.PropertyMappingContextCustomizer@0, org.springframework.boot.test.autoconfigure.web.servlet.WebDriverContextCustomizerFactory$Customizer@5f9d02cb], contextLoader = 'org.springframework.boot.test.context.SpringBootContextLoader', parent = [null]]], class annotated with @DirtiesContext [false] with mode [null].
14:52:51.272 [main] DEBUG org.springframework.test.annotation.ProfileValueUtils - Retrieved @ProfileValueSourceConfiguration [null] for test class [spring.batch.demo.DemoApplicationTests]
14:52:51.272 [main] DEBUG org.springframework.test.annotation.ProfileValueUtils - Retrieved ProfileValueSource type [class org.springframework.test.annotation.SystemProfileValueSource] for class [spring.batch.demo.DemoApplicationTests]
14:52:51.275 [main] DEBUG org.springframework.test.context.support.DependencyInjectionTestExecutionListener - Performing dependency injection for test context [[DefaultTestContext@1176dcec testClass = DemoApplicationTests, testInstance = spring.batch.demo.DemoApplicationTests@5606c0b, testMethod = [null], testException = [null], mergedContextConfiguration = [MergedContextConfiguration@120d6fe6 testClass = DemoApplicationTests, locations = '{}', classes = '{class spring.batch.demo.DemoApplication}', contextInitializerClasses = '[]', activeProfiles = '{}', propertySourceLocations = '{}', propertySourceProperties = '{org.springframework.boot.test.context.SpringBootTestContextBootstrapper=true}', contextCustomizers = set[org.springframework.boot.test.context.SpringBootTestContextCustomizer@4bec1f0c, org.springframework.boot.test.context.filter.ExcludeFilterContextCustomizer@6adede5, org.springframework.boot.test.json.DuplicateJsonObjectContextCustomizerFactory$DuplicateJsonObjectContextCustomizer@49993335, org.springframework.boot.test.mock.mockito.MockitoContextCustomizer@0, org.springframework.boot.test.autoconfigure.properties.PropertyMappingContextCustomizer@0, org.springframework.boot.test.autoconfigure.web.servlet.WebDriverContextCustomizerFactory$Customizer@5f9d02cb], contextLoader = 'org.springframework.boot.test.context.SpringBootContextLoader', parent = [null]]]].
14:52:51.459 [main] DEBUG org.springframework.core.env.StandardEnvironment - Adding PropertySource 'systemProperties' with lowest search precedence
14:52:51.460 [main] DEBUG org.springframework.core.env.StandardEnvironment - Adding PropertySource 'systemEnvironment' with lowest search precedence
14:52:51.460 [main] DEBUG org.springframework.core.env.StandardEnvironment - Initialized StandardEnvironment with PropertySources [MapPropertySource@296347592 {name='systemProperties', properties={idea.version=2017.3.3, java.runtime.name=Java(TM) SE Runtime Environment, sun.boot.library.path=C:\Program Files\Java\jdk1.8.0_121\jre\bin, java.vm.version=25.121-b13, java.vm.vendor=Oracle Corporation, java.vendor.url=http://java.oracle.com/, path.separator=;, java.vm.name=Java HotSpot(TM) 64-Bit Server VM, file.encoding.pkg=sun.io, user.country=US, user.script=, sun.java.launcher=SUN_STANDARD, sun.os.patch.level=, java.vm.specification.name=Java Virtual Machine Specification, user.dir=C:\Users\Freya Gupta\Documents\Harshita\Spring\demoSpringBatch, java.runtime.version=1.8.0_121-b13, basedir=C:\Users\Freya Gupta\Documents\Harshita\Spring\demoSpringBatch, java.awt.graphicsenv=sun.awt.Win32GraphicsEnvironment, java.endorsed.dirs=C:\Program Files\Java\jdk1.8.0_121\jre\lib\endorsed, os.arch=amd64, surefire.real.class.path=C:\Users\Freya Gupta\Documents\Harshita\Spring\demoSpringBatch\target\surefire\surefirebooter3772008865758531431.jar, java.io.tmpdir=C:\Users\FREYAG~1\AppData\Local\Temp\, line.separator=
[...]
	at org.springframework.transaction.interceptor.TransactionInterceptor.invoke(TransactionInterceptor.java:96) ~[spring-tx-4.3.13.RELEASE.jar:4.3.13.RELEASE]
	at org.springframework.aop.framework.ReflectiveMethodInvocation.proceed(ReflectiveMethodInvocation.java:179) ~[spring-aop-4.3.13.RELEASE.jar:4.3.13.RELEASE]
	at org.springframework.aop.framework.JdkDynamicAopProxy.invoke(JdkDynamicAopProxy.java:213) ~[spring-aop-4.3.13.RELEASE.jar:4.3.13.RELEASE]
	at com.sun.proxy.$Proxy51.getLastJobExecution(Unknown Source) ~[na:na]
	at org.springframework.batch.core.launch.support.SimpleJobLauncher.run(SimpleJobLauncher.java:98) ~[spring-batch-core-3.0.8.RELEASE.jar:3.0.8.RELEASE]
	at sun.reflect.NativeMethodAccessorImpl.invoke0(Native Method) ~[na:1.8.0_121]
	at sun.reflect.NativeMethodAccessorImpl.invoke(NativeMethodAccessorImpl.java:62) ~[na:1.8.0_121]
	at sun.reflect.DelegatingMethodAccessorImpl.invoke(DelegatingMethodAccessorImpl.java:43) ~[na:1.8.0_121]
	at java.lang.reflect.Method.invoke(Method.java:498) ~[na:1.8.0_121]
	at org.springframework.aop.support.AopUtils.invokeJoinpointUsingReflection(AopUtils.java:333) ~[spring-aop-4.3.13.RELEASE.jar:4.3.13.RELEASE]
	at org.springframework.aop.framework.ReflectiveMethodInvocation.invokeJoinpoint(ReflectiveMethodInvocation.java:190) ~[spring-aop-4.3.13.RELEASE.jar:4.3.13.RELEASE]
	at org.springframework.aop.framework.ReflectiveMethodInvocation.proceed(ReflectiveMethodInvocation.java:157) ~[spring-aop-4.3.13.RELEASE.jar:4.3.13.RELEASE]
	at org.springframework.batch.core.configuration.annotation.SimpleBatchConfiguration$PassthruAdvice.invoke(SimpleBatchConfiguration.java:127) ~[spring-batch-core-3.0.8.RELEASE.jar:3.0.8.RELEASE]
	at org.springframework.aop.framework.ReflectiveMethodInvocation.proceed(ReflectiveMethodInvocation.java:179) ~[spring-aop-4.3.13.RELEASE.jar:4.3.13.RELEASE]
	at org.springframework.aop.framework.JdkDynamicAopProxy.invoke(JdkDynamicAopProxy.java:213) ~[spring-aop-4.3.13.RELEASE.jar:4.3.13.RELEASE]
	at com.sun.proxy.$Proxy54.run(Unknown Source) ~[na:na]
	at org.springframework.boot.autoconfigure.batch.JobLauncherCommandLineRunner.execute(JobLauncherCommandLineRunner.java:211) ~[spring-boot-autoconfigure-1.5.9.RELEASE.jar:1.5.9.RELEASE]
	at org.springframework.boot.autoconfigure.batch.JobLauncherCommandLineRunner.executeLocalJobs(JobLauncherCommandLineRunner.java:227) ~[spring-boot-autoconfigure-1.5.9.RELEASE.jar:1.5.9.RELEASE]
	at org.springframework.boot.autoconfigure.batch.JobLauncherCommandLineRunner.launchJobFromProperties(JobLauncherCommandLineRunner.java:123) ~[spring-boot-autoconfigure-1.5.9.RELEASE.jar:1.5.9.RELEASE]
	at org.springframework.boot.autoconfigure.batch.JobLauncherCommandLineRunner.run(JobLauncherCommandLineRunner.java:117) ~[spring-boot-autoconfigure-1.5.9.RELEASE.jar:1.5.9.RELEASE]
	at org.springframework.boot.SpringApplication.callRunner(SpringApplication.java:732) ~[spring-boot-1.5.9.RELEASE.jar:1.5.9.RELEASE]
	... 32 common frames omitted
Caused by: java.sql.SQLException: ORA-08178: illegal SERIALIZABLE clause specified for user INTERNAL

	at oracle.jdbc.driver.SQLStateMapping.newSQLException(SQLStateMapping.java:70) ~[ojdbc6-11.1.0.7.0.jar:Oracle JDBC Driver version - "11.1.0.7.0-Production"]
	at oracle.jdbc.driver.DatabaseError.newSQLException(DatabaseError.java:133) ~[ojdbc6-11.1.0.7.0.jar:Oracle JDBC Driver version - "11.1.0.7.0-Production"]
	at oracle.jdbc.driver.DatabaseError.throwSqlException(DatabaseError.java:206) ~[ojdbc6-11.1.0.7.0.jar:Oracle JDBC Driver version - "11.1.0.7.0-Production"]
	at oracle.jdbc.driver.T4CTTIoer.processError(T4CTTIoer.java:455) ~[ojdbc6-11.1.0.7.0.jar:Oracle JDBC Driver version - "11.1.0.7.0-Production"]
	at oracle.jdbc.driver.T4CTTIoer.processError(T4CTTIoer.java:413) ~[ojdbc6-11.1.0.7.0.jar:Oracle JDBC Driver version - "11.1.0.7.0-Production"]
	at oracle.jdbc.driver.T4C8Oall.receive(T4C8Oall.java:1034) ~[ojdbc6-11.1.0.7.0.jar:Oracle JDBC Driver version - "11.1.0.7.0-Production"]
	at oracle.jdbc.driver.T4CStatement.doOall8(T4CStatement.java:183) ~[ojdbc6-11.1.0.7.0.jar:Oracle JDBC Driver version - "11.1.0.7.0-Production"]
	at oracle.jdbc.driver.T4CStatement.executeForRows(T4CStatement.java:942) ~[ojdbc6-11.1.0.7.0.jar:Oracle JDBC Driver version - "11.1.0.7.0-Production"]
	at oracle.jdbc.driver.OracleStatement.doExecuteWithTimeout(OracleStatement.java:1222) ~[ojdbc6-11.1.0.7.0.jar:Oracle JDBC Driver version - "11.1.0.7.0-Production"]
	at oracle.jdbc.driver.OracleStatement.executeInternal(OracleStatement.java:1770) ~[ojdbc6-11.1.0.7.0.jar:Oracle JDBC Driver version - "11.1.0.7.0-Production"]
	at oracle.jdbc.driver.OracleStatement.execute(OracleStatement.java:1739) ~[ojdbc6-11.1.0.7.0.jar:Oracle JDBC Driver version - "11.1.0.7.0-Production"]
	at oracle.jdbc.driver.OracleStatementWrapper.execute(OracleStatementWrapper.java:299) ~[ojdbc6-11.1.0.7.0.jar:Oracle JDBC Driver version - "11.1.0.7.0-Production"]
	at oracle.jdbc.driver.PhysicalConnection.setTransactionIsolation(PhysicalConnection.java:4062) ~[ojdbc6-11.1.0.7.0.jar:Oracle JDBC Driver version - "11.1.0.7.0-Production"]
	at sun.reflect.NativeMethodAccessorImpl.invoke0(Native Method) ~[na:1.8.0_121]
	at sun.reflect.NativeMethodAccessorImpl.invoke(NativeMethodAccessorImpl.java:62) ~[na:1.8.0_121]
	at sun.reflect.DelegatingMethodAccessorImpl.invoke(DelegatingMethodAccessorImpl.java:43) ~[na:1.8.0_121]
	at java.lang.reflect.Method.invoke(Method.java:498) ~[na:1.8.0_121]
	at org.apache.tomcat.jdbc.pool.ProxyConnection.invoke(ProxyConnection.java:126) ~[tomcat-jdbc-8.5.23.jar:na]
	at org.apache.tomcat.jdbc.pool.JdbcInterceptor.invoke(JdbcInterceptor.java:108) ~[tomcat-jdbc-8.5.23.jar:na]
	at org.apache.tomcat.jdbc.pool.interceptor.AbstractCreateStatementInterceptor.invoke(AbstractCreateStatementInterceptor.java:79) ~[tomcat-jdbc-8.5.23.jar:na]
	at org.apache.tomcat.jdbc.pool.JdbcInterceptor.invoke(JdbcInterceptor.java:108) ~[tomcat-jdbc-8.5.23.jar:na]
	at org.apache.tomcat.jdbc.pool.DisposableConnectionFacade.invoke(DisposableConnectionFacade.java:81) ~[tomcat-jdbc-8.5.23.jar:na]
	at com.sun.proxy.$Proxy58.setTransactionIsolation(Unknown Source) ~[na:na]
	at org.springframework.jdbc.datasource.DataSourceUtils.prepareConnectionForTransaction(DataSourceUtils.java:193) ~[spring-jdbc-4.3.13.RELEASE.jar:4.3.13.RELEASE]
	at org.springframework.jdbc.datasource.DataSourceTransactionManager.doBegin(DataSourceTransactionManager.java:256) ~[spring-jdbc-4.3.13.RELEASE.jar:4.3.13.RELEASE]
	... 56 common frames omitted

2018-01-23 14:52:56.733  INFO 13160 --- [           main] s.c.a.AnnotationConfigApplicationContext : Closing org.springframework.context.annotation.AnnotationConfigApplicationContext@245a060f: startup date [Tue Jan 23 14:52:55 EST 2018]; root of context hierarchy
2018-01-23 14:52:56.748 ERROR 13160 --- [           main] o.s.test.context.TestContextManager      : Caught exception while allowing TestExecutionListener [org.springframework.boot.test.autoconfigure.SpringBootDependencyInjectionTestExecutionListener@799d4f69] to prepare test instance [spring.batch.demo.DemoApplicationTests@5606c0b]

java.lang.IllegalStateException: Failed to load ApplicationContext
	at org.springframework.test.context.cache.DefaultCacheAwareContextLoaderDelegate.loadContext(DefaultCacheAwareContextLoaderDelegate.java:124) ~[spring-test-4.3.13.RELEASE.jar:4.3.13.RELEASE]
	at org.springframework.test.context.support.DefaultTestContext.getApplicationContext(DefaultTestContext.java:83) ~[spring-test-4.3.13.RELEASE.jar:4.3.13.RELEASE]
	at org.springframework.test.context.support.DependencyInjectionTestExecutionListener.injectDependencies(DependencyInjectionTestExecutionListener.java:117) ~[spring-test-4.3.13.RELEASE.jar:4.3.13.RELEASE]
	at org.springframework.test.context.support.DependencyInjectionTestExecutionListener.prepareTestInstance(DependencyInjectionTestExecutionListener.java:83) ~[spring-test-4.3.13.RELEASE.jar:4.3.13.RELEASE]
	at org.springframework.boot.test.autoconfigure.SpringBootDependencyInjectionTestExecutionListener.prepareTestInstance(SpringBootDependencyInjectionTestExecutionListener.java:44) ~[spring-boot-test-autoconfigure-1.5.9.RELEASE.jar:1.5.9.RELEASE]
	at org.springframework.test.context.TestContextManager.prepareTestInstance(TestContextManager.java:230) ~[spring-test-4.3.13.RELEASE.jar:4.3.13.RELEASE]
	at org.springframework.test.context.junit4.SpringJUnit4ClassRunner.createTest(SpringJUnit4ClassRunner.java:228) [spring-test-4.3.13.RELEASE.jar:4.3.13.RELEASE]
	at org.springframework.test.context.junit4.SpringJUnit4ClassRunner$1.runReflectiveCall(SpringJUnit4ClassRunner.java:287) [spring-test-4.3.13.RELEASE.jar:4.3.13.RELEASE]
	at org.junit.internal.runners.model.ReflectiveCallable.run(ReflectiveCallable.java:12) [junit-4.12.jar:4.12]
	at org.springframework.test.context.junit4.SpringJUnit4ClassRunner.methodBlock(SpringJUnit4ClassRunner.java:289) [spring-test-4.3.13.RELEASE.jar:4.3.13.RELEASE]
	at org.springframework.test.context.junit4.SpringJUnit4ClassRunner.runChild(SpringJUnit4ClassRunner.java:247) [spring-test-4.3.13.RELEASE.jar:4.3.13.RELEASE]
	at org.springframework.test.context.junit4.SpringJUnit4ClassRunner.runChild(SpringJUnit4ClassRunner.java:94) [spring-test-4.3.13.RELEASE.jar:4.3.13.RELEASE]
	at org.junit.runners.ParentRunner$3.run(ParentRunner.java:290) [junit-4.12.jar:4.12]
	at org.junit.runners.ParentRunner$1.schedule(ParentRunner.java:71) [junit-4.12.jar:4.12]
	at org.junit.runners.ParentRunner.runChildren(ParentRunner.java:288) [junit-4.12.jar:4.12]
	at org.junit.runners.ParentRunner.access$000(ParentRunner.java:58) [junit-4.12.jar:4.12]
	at org.junit.runners.ParentRunner$2.evaluate(ParentRunner.java:268) [junit-4.12.jar:4.12]
	at org.springframework.test.context.junit4.statements.RunBeforeTestClassCallbacks.evaluate(RunBeforeTestClassCallbacks.java:61) [spring-test-4.3.13.RELEASE.jar:4.3.13.RELEASE]
	at org.springframework.test.context.junit4.statements.RunAfterTestClassCallbacks.evaluate(RunAfterTestClassCallbacks.java:70) [spring-test-4.3.13.RELEASE.jar:4.3.13.RELEASE]
	at org.junit.runners.ParentRunner.run(ParentRunner.java:363) [junit-4.12.jar:4.12]
	at org.springframework.test.context.junit4.SpringJUnit4ClassRunner.run(SpringJUnit4ClassRunner.java:191) [spring-test-4.3.13.RELEASE.jar:4.3.13.RELEASE]
	at org.apache.maven.surefire.junit4.JUnit4Provider.execute(JUnit4Provider.java:283) [surefire-junit4-2.18.1.jar:2.18.1]
	at org.apache.maven.surefire.junit4.JUnit4Provider.executeWithRerun(JUnit4Provider.java:173) [surefire-junit4-2.18.1.jar:2.18.1]
	at org.apache.maven.surefire.junit4.JUnit4Provider.executeTestSet(JUnit4Provider.java:153) [surefire-junit4-2.18.1.jar:2.18.1]
	at org.apache.maven.surefire.junit4.JUnit4Provider.invoke(JUnit4Provider.java:128) [surefire-junit4-2.18.1.jar:2.18.1]
	at org.apache.maven.surefire.booter.ForkedBooter.invokeProviderInSameClassLoader(ForkedBooter.java:203) [surefire-booter-2.18.1.jar:2.18.1]
	at org.apache.maven.surefire.booter.ForkedBooter.runSuitesInProcess(ForkedBooter.java:155) [surefire-booter-2.18.1.jar:2.18.1]
	at org.apache.maven.surefire.booter.ForkedBooter.main(ForkedBooter.java:103) [surefire-booter-2.18.1.jar:2.18.1]
Caused by: java.lang.IllegalStateException: Failed to execute CommandLineRunner
	at org.springframework.boot.SpringApplication.callRunner(SpringApplication.java:735) ~[spring-boot-1.5.9.RELEASE.jar:1.5.9.RELEASE]
	at org.springframework.boot.SpringApplication.callRunners(SpringApplication.java:716) ~[spring-boot-1.5.9.RELEASE.jar:1.5.9.RELEASE]
	at org.springframework.boot.SpringApplication.afterRefresh(SpringApplication.java:703) ~[spring-boot-1.5.9.RELEASE.jar:1.5.9.RELEASE]
	at org.springframework.boot.SpringApplication.run(SpringApplication.java:304) ~[spring-boot-1.5.9.RELEASE.jar:1.5.9.RELEASE]
	at org.springframework.boot.test.context.SpringBootContextLoader.loadContext(SpringBootContextLoader.java:120) ~[spring-boot-test-1.5.9.RELEASE.jar:1.5.9.RELEASE]
	at org.springframework.test.context.cache.DefaultCacheAwareContextLoaderDelegate.loadContextInternal(DefaultCacheAwareContextLoaderDelegate.java:98) ~[spring-test-4.3.13.RELEASE.jar:4.3.13.RELEASE]
	at org.springframework.test.context.cache.DefaultCacheAwareContextLoaderDelegate.loadContext(DefaultCacheAwareContextLoaderDelegate.java:116) ~[spring-test-4.3.13.RELEASE.jar:4.3.13.RELEASE]
	... 27 common frames omitted
Caused by: org.springframework.transaction.CannotCreateTransactionException: Could not open JDBC Connection for transaction; nested exception is java.sql.SQLException: ORA-08178: illegal SERIALIZABLE clause specified for user INTERNAL

	at org.springframework.jdbc.datasource.DataSourceTransactionManager.doBegin(DataSourceTransactionManager.java:289) ~[spring-jdbc-4.3.13.RELEASE.jar:4.3.13.RELEASE]
	at org.springframework.transaction.support.AbstractPlatformTransactionManager.getTransaction(AbstractPlatformTransactionManager.java:373) ~[spring-tx-4.3.13.RELEASE.jar:4.3.13.RELEASE]
	at org.springframework.transaction.interceptor.TransactionAspectSupport.createTransactionIfNecessary(TransactionAspectSupport.java:461) ~[spring-tx-4.3.13.RELEASE.jar:4.3.13.RELEASE]
	at org.springframework.transaction.interceptor.TransactionAspectSupport.invokeWithinTransaction(TransactionAspectSupport.java:277) ~[spring-tx-4.3.13.RELEASE.jar:4.3.13.RELEASE]
	at org.springframework.transaction.interceptor.TransactionInterceptor.invoke(TransactionInterceptor.java:96) ~[spring-tx-4.3.13.RELEASE.jar:4.3.13.RELEASE]
	at org.springframework.aop.framework.ReflectiveMethodInvocation.proceed(ReflectiveMethodInvocation.java:179) ~[spring-aop-4.3.13.RELEASE.jar:4.3.13.RELEASE]
	at org.springframework.aop.framework.JdkDynamicAopProxy.invoke(JdkDynamicAopProxy.java:213) ~[spring-aop-4.3.13.RELEASE.jar:4.3.13.RELEASE]
	at com.sun.proxy.$Proxy51.getLastJobExecution(Unknown Source) ~[na:na]
	at org.springframework.batch.core.launch.support.SimpleJobLauncher.run(SimpleJobLauncher.java:98) ~[spring-batch-core-3.0.8.RELEASE.jar:3.0.8.RELEASE]
	at sun.reflect.NativeMethodAccessorImpl.invoke0(Native Method) ~[na:1.8.0_121]
	at sun.reflect.NativeMethodAccessorImpl.invoke(NativeMethodAccessorImpl.java:62) ~[na:1.8.0_121]
	at sun.reflect.DelegatingMethodAccessorImpl.invoke(DelegatingMethodAccessorImpl.java:43) ~[na:1.8.0_121]
	at java.lang.reflect.Method.invoke(Method.java:498) ~[na:1.8.0_121]
	at org.springframework.aop.support.AopUtils.invokeJoinpointUsingReflection(AopUtils.java:333) ~[spring-aop-4.3.13.RELEASE.jar:4.3.13.RELEASE]
	at org.springframework.aop.framework.ReflectiveMethodInvocation.invokeJoinpoint(ReflectiveMethodInvocation.java:190) ~[spring-aop-4.3.13.RELEASE.jar:4.3.13.RELEASE]
	at org.springframework.aop.framework.ReflectiveMethodInvocation.proceed(ReflectiveMethodInvocation.java:157) ~[spring-aop-4.3.13.RELEASE.jar:4.3.13.RELEASE]
	at org.springframework.batch.core.configuration.annotation.SimpleBatchConfiguration$PassthruAdvice.invoke(SimpleBatchConfiguration.java:127) ~[spring-batch-core-3.0.8.RELEASE.jar:3.0.8.RELEASE]
	at org.springframework.aop.framework.ReflectiveMethodInvocation.proceed(ReflectiveMethodInvocation.java:179) ~[spring-aop-4.3.13.RELEASE.jar:4.3.13.RELEASE]
	at org.springframework.aop.framework.JdkDynamicAopProxy.invoke(JdkDynamicAopProxy.java:213) ~[spring-aop-4.3.13.RELEASE.jar:4.3.13.RELEASE]
	at com.sun.proxy.$Proxy54.run(Unknown Source) ~[na:na]
	at org.springframework.boot.autoconfigure.batch.JobLauncherCommandLineRunner.execute(JobLauncherCommandLineRunner.java:211) ~[spring-boot-autoconfigure-1.5.9.RELEASE.jar:1.5.9.RELEASE]
	at org.springframework.boot.autoconfigure.batch.JobLauncherCommandLineRunner.executeLocalJobs(JobLauncherCommandLineRunner.java:227) ~[spring-boot-autoconfigure-1.5.9.RELEASE.jar:1.5.9.RELEASE]
	at org.springframework.boot.autoconfigure.batch.JobLauncherCommandLineRunner.launchJobFromProperties(JobLauncherCommandLineRunner.java:123) ~[spring-boot-autoconfigure-1.5.9.RELEASE.jar:1.5.9.RELEASE]
	at org.springframework.boot.autoconfigure.batch.JobLauncherCommandLineRunner.run(JobLauncherCommandLineRunner.java:117) ~[spring-boot-autoconfigure-1.5.9.RELEASE.jar:1.5.9.RELEASE]
	at org.springframework.boot.SpringApplication.callRunner(SpringApplication.java:732) ~[spring-boot-1.5.9.RELEASE.jar:1.5.9.RELEASE]
	... 33 common frames omitted
Caused by: java.sql.SQLException: ORA-08178: illegal SERIALIZABLE clause specified for user INTERNAL

	at oracle.jdbc.driver.SQLStateMapping.newSQLException(SQLStateMapping.java:70) ~[ojdbc6-11.1.0.7.0.jar:Oracle JDBC Driver version - "11.1.0.7.0-Production"]
	at oracle.jdbc.driver.DatabaseError.newSQLException(DatabaseError.java:133) ~[ojdbc6-11.1.0.7.0.jar:Oracle JDBC Driver version - "11.1.0.7.0-Production"]
	at oracle.jdbc.driver.DatabaseError.throwSqlException(DatabaseError.java:206) ~[ojdbc6-11.1.0.7.0.jar:Oracle JDBC Driver version - "11.1.0.7.0-Production"]
	at oracle.jdbc.driver.T4CTTIoer.processError(T4CTTIoer.java:455) ~[ojdbc6-11.1.0.7.0.jar:Oracle JDBC Driver version - "11.1.0.7.0-Production"]
	at oracle.jdbc.driver.T4CTTIoer.processError(T4CTTIoer.java:413) ~[ojdbc6-11.1.0.7.0.jar:Oracle JDBC Driver version - "11.1.0.7.0-Production"]
	at oracle.jdbc.driver.T4C8Oall.receive(T4C8Oall.java:1034) ~[ojdbc6-11.1.0.7.0.jar:Oracle JDBC Driver version - "11.1.0.7.0-Production"]
	at oracle.jdbc.driver.T4CStatement.doOall8(T4CStatement.java:183) ~[ojdbc6-11.1.0.7.0.jar:Oracle JDBC Driver version - "11.1.0.7.0-Production"]
	at oracle.jdbc.driver.T4CStatement.executeForRows(T4CStatement.java:942) ~[ojdbc6-11.1.0.7.0.jar:Oracle JDBC Driver version - "11.1.0.7.0-Production"]
	at oracle.jdbc.driver.OracleStatement.doExecuteWithTimeout(OracleStatement.java:1222) ~[ojdbc6-11.1.0.7.0.jar:Oracle JDBC Driver version - "11.1.0.7.0-Production"]
	at oracle.jdbc.driver.OracleStatement.executeInternal(OracleStatement.java:1770) ~[ojdbc6-11.1.0.7.0.jar:Oracle JDBC Driver version - "11.1.0.7.0-Production"]
	at oracle.jdbc.driver.OracleStatement.execute(OracleStatement.java:1739) ~[ojdbc6-11.1.0.7.0.jar:Oracle JDBC Driver version - "11.1.0.7.0-Production"]
	at oracle.jdbc.driver.OracleStatementWrapper.execute(OracleStatementWrapper.java:299) ~[ojdbc6-11.1.0.7.0.jar:Oracle JDBC Driver version - "11.1.0.7.0-Production"]
	at oracle.jdbc.driver.PhysicalConnection.setTransactionIsolation(PhysicalConnection.java:4062) ~[ojdbc6-11.1.0.7.0.jar:Oracle JDBC Driver version - "11.1.0.7.0-Production"]
	at sun.reflect.NativeMethodAccessorImpl.invoke0(Native Method) ~[na:1.8.0_121]
	at sun.reflect.NativeMethodAccessorImpl.invoke(NativeMethodAccessorImpl.java:62) ~[na:1.8.0_121]
	at sun.reflect.DelegatingMethodAccessorImpl.invoke(DelegatingMethodAccessorImpl.java:43) ~[na:1.8.0_121]
	at java.lang.reflect.Method.invoke(Method.java:498) ~[na:1.8.0_121]
	at org.apache.tomcat.jdbc.pool.ProxyConnection.invoke(ProxyConnection.java:126) ~[tomcat-jdbc-8.5.23.jar:na]
	at org.apache.tomcat.jdbc.pool.JdbcInterceptor.invoke(JdbcInterceptor.java:108) ~[tomcat-jdbc-8.5.23.jar:na]
	at org.apache.tomcat.jdbc.pool.interceptor.AbstractCreateStatementInterceptor.invoke(AbstractCreateStatementInterceptor.java:79) ~[tomcat-jdbc-8.5.23.jar:na]
	at org.apache.tomcat.jdbc.pool.JdbcInterceptor.invoke(JdbcInterceptor.java:108) ~[tomcat-jdbc-8.5.23.jar:na]
	at org.apache.tomcat.jdbc.pool.DisposableConnectionFacade.invoke(DisposableConnectionFacade.java:81) ~[tomcat-jdbc-8.5.23.jar:na]
	at com.sun.proxy.$Proxy58.setTransactionIsolation(Unknown Source) ~[na:na]
	at org.springframework.jdbc.datasource.DataSourceUtils.prepareConnectionForTransaction(DataSourceUtils.java:193) ~[spring-jdbc-4.3.13.RELEASE.jar:4.3.13.RELEASE]
	at org.springframework.jdbc.datasource.DataSourceTransactionManager.doBegin(DataSourceTransactionManager.java:256) ~[spring-jdbc-4.3.13.RELEASE.jar:4.3.13.RELEASE]
	... 57 common frames omitted

]]></system-out>
  </testcase>
</testsuite>